{"/home/travis/build/npmtest/node-npmtest-redis/test.js":{"path":"/home/travis/build/npmtest/node-npmtest-redis/test.js","s":{"1":2,"2":2,"3":2,"4":2,"5":2,"6":2,"7":2,"8":1,"9":2,"10":2,"11":1,"12":1,"13":1,"14":1,"15":2,"16":2,"17":2,"18":2,"19":1,"20":1,"21":2,"22":2,"23":2,"24":1,"25":1,"26":1,"27":1,"28":1,"29":1,"30":1,"31":1,"32":1,"33":1,"34":1,"35":1,"36":1,"37":2,"38":2,"39":1,"40":2,"41":2,"42":1,"43":2,"44":2,"45":1,"46":2,"47":2,"48":1,"49":1,"50":1,"51":1,"52":1},"b":{"1":[2,1,1,1],"2":[1,1,1,1],"3":[1,1],"4":[1,1],"5":[1,1],"6":[1,1],"7":[1,1],"8":[1,1],"9":[1,1,1],"10":[1,1],"11":[1,1],"12":[1,1],"13":[1,1],"14":[1,1],"15":[1,1],"16":[1,1]},"f":{"1":2,"2":2,"3":2,"4":2,"5":2,"6":1,"7":1,"8":2,"9":2,"10":2,"11":2,"12":1},"fnMap":{"1":{"name":"(anonymous_1)","line":12,"loc":{"start":{"line":12,"column":1},"end":{"line":12,"column":13}}},"2":{"name":"(anonymous_2)","line":19,"loc":{"start":{"line":19,"column":5},"end":{"line":19,"column":17}}},"3":{"name":"(anonymous_3)","line":23,"loc":{"start":{"line":23,"column":24},"end":{"line":23,"column":36}}},"4":{"name":"(anonymous_4)","line":61,"loc":{"start":{"line":61,"column":5},"end":{"line":61,"column":17}}},"5":{"name":"(anonymous_5)","line":82,"loc":{"start":{"line":82,"column":5},"end":{"line":82,"column":17}}},"6":{"name":"(anonymous_6)","line":102,"loc":{"start":{"line":102,"column":83},"end":{"line":105,"column":10}},"skip":true},"7":{"name":"(anonymous_7)","line":113,"loc":{"start":{"line":113,"column":77},"end":{"line":116,"column":10}},"skip":true},"8":{"name":"(anonymous_8)","line":129,"loc":{"start":{"line":129,"column":12},"end":{"line":129,"column":40}},"skip":true},"9":{"name":"(anonymous_9)","line":137,"loc":{"start":{"line":137,"column":77},"end":{"line":140,"column":10}},"skip":true},"10":{"name":"(anonymous_10)","line":148,"loc":{"start":{"line":148,"column":83},"end":{"line":151,"column":10}},"skip":true},"11":{"name":"(anonymous_11)","line":159,"loc":{"start":{"line":159,"column":79},"end":{"line":162,"column":10}},"skip":true},"12":{"name":"(anonymous_12)","line":170,"loc":{"start":{"line":170,"column":75},"end":{"line":173,"column":10}},"skip":true}},"statementMap":{"1":{"start":{"line":12,"column":0},"end":{"line":185,"column":5}},"2":{"start":{"line":14,"column":4},"end":{"line":14,"column":14}},"3":{"start":{"line":19,"column":4},"end":{"line":56,"column":9}},"4":{"start":{"line":21,"column":8},"end":{"line":21,"column":19}},"5":{"start":{"line":23,"column":8},"end":{"line":35,"column":13}},"6":{"start":{"line":24,"column":12},"end":{"line":34,"column":13}},"7":{"start":{"line":25,"column":16},"end":{"line":28,"column":30}},"8":{"start":{"line":30,"column":16},"end":{"line":33,"column":27}},"9":{"start":{"line":37,"column":8},"end":{"line":39,"column":21}},"10":{"start":{"line":40,"column":8},"end":{"line":53,"column":9}},"11":{"start":{"line":43,"column":12},"end":{"line":46,"column":14}},"12":{"start":{"line":47,"column":12},"end":{"line":47,"column":18}},"13":{"start":{"line":50,"column":12},"end":{"line":51,"column":46}},"14":{"start":{"line":52,"column":12},"end":{"line":52,"column":18}},"15":{"start":{"line":55,"column":8},"end":{"line":55,"column":35}},"16":{"start":{"line":61,"column":4},"end":{"line":63,"column":9}},"17":{"start":{"line":62,"column":8},"end":{"line":62,"column":15}},"18":{"start":{"line":64,"column":4},"end":{"line":77,"column":5}},"19":{"start":{"line":70,"column":8},"end":{"line":70,"column":14}},"20":{"start":{"line":76,"column":8},"end":{"line":76,"column":14}},"21":{"start":{"line":82,"column":4},"end":{"line":84,"column":9}},"22":{"start":{"line":83,"column":8},"end":{"line":83,"column":15}},"23":{"start":{"line":85,"column":4},"end":{"line":184,"column":5}},"24":{"start":{"line":92,"column":8},"end":{"line":94,"column":63}},"25":{"start":{"line":95,"column":8},"end":{"line":95,"column":14}},"26":{"start":{"line":102,"column":8},"end":{"line":111,"column":10},"skip":true},"27":{"start":{"line":109,"column":12},"end":{"line":109,"column":55},"skip":true},"28":{"start":{"line":110,"column":12},"end":{"line":110,"column":48},"skip":true},"29":{"start":{"line":113,"column":8},"end":{"line":126,"column":10},"skip":true},"30":{"start":{"line":120,"column":12},"end":{"line":120,"column":76},"skip":true},"31":{"start":{"line":121,"column":12},"end":{"line":121,"column":73},"skip":true},"32":{"start":{"line":122,"column":12},"end":{"line":122,"column":74},"skip":true},"33":{"start":{"line":123,"column":12},"end":{"line":123,"column":79},"skip":true},"34":{"start":{"line":124,"column":12},"end":{"line":124,"column":25},"skip":true},"35":{"start":{"line":125,"column":12},"end":{"line":125,"column":45},"skip":true},"36":{"start":{"line":128,"column":8},"end":{"line":135,"column":14},"skip":true},"37":{"start":{"line":133,"column":16},"end":{"line":133,"column":29},"skip":true},"38":{"start":{"line":134,"column":16},"end":{"line":134,"column":55},"skip":true},"39":{"start":{"line":137,"column":8},"end":{"line":146,"column":10},"skip":true},"40":{"start":{"line":144,"column":12},"end":{"line":144,"column":25},"skip":true},"41":{"start":{"line":145,"column":12},"end":{"line":145,"column":45},"skip":true},"42":{"start":{"line":148,"column":8},"end":{"line":157,"column":10},"skip":true},"43":{"start":{"line":155,"column":12},"end":{"line":155,"column":25},"skip":true},"44":{"start":{"line":156,"column":12},"end":{"line":156,"column":48},"skip":true},"45":{"start":{"line":159,"column":8},"end":{"line":168,"column":10},"skip":true},"46":{"start":{"line":166,"column":12},"end":{"line":166,"column":25},"skip":true},"47":{"start":{"line":167,"column":12},"end":{"line":167,"column":46},"skip":true},"48":{"start":{"line":170,"column":8},"end":{"line":179,"column":10},"skip":true},"49":{"start":{"line":177,"column":12},"end":{"line":177,"column":94},"skip":true},"50":{"start":{"line":178,"column":12},"end":{"line":178,"column":48},"skip":true},"51":{"start":{"line":182,"column":8},"end":{"line":182,"column":35},"skip":true},"52":{"start":{"line":183,"column":8},"end":{"line":183,"column":14},"skip":true}},"branchMap":{"1":{"line":25,"type":"binary-expr","locations":[{"start":{"line":25,"column":23},"end":{"line":25,"column":62}},{"start":{"line":26,"column":20},"end":{"line":26,"column":70}},{"start":{"line":27,"column":20},"end":{"line":27,"column":71}},{"start":{"line":28,"column":20},"end":{"line":28,"column":29}}]},"2":{"line":30,"type":"binary-expr","locations":[{"start":{"line":30,"column":23},"end":{"line":30,"column":37}},{"start":{"line":31,"column":20},"end":{"line":31,"column":61}},{"start":{"line":32,"column":20},"end":{"line":32,"column":70}},{"start":{"line":33,"column":20},"end":{"line":33,"column":26}}]},"3":{"line":37,"type":"cond-expr","locations":[{"start":{"line":38,"column":14},"end":{"line":38,"column":20}},{"start":{"line":39,"column":14},"end":{"line":39,"column":20}}]},"4":{"line":40,"type":"switch","locations":[{"start":{"line":42,"column":8},"end":{"line":47,"column":18}},{"start":{"line":49,"column":8},"end":{"line":52,"column":18}}]},"5":{"line":44,"type":"binary-expr","locations":[{"start":{"line":44,"column":16},"end":{"line":44,"column":44}},{"start":{"line":44,"column":48},"end":{"line":44,"column":66}}]},"6":{"line":50,"type":"binary-expr","locations":[{"start":{"line":50,"column":21},"end":{"line":50,"column":49}},{"start":{"line":50,"column":53},"end":{"line":50,"column":72}}]},"7":{"line":64,"type":"switch","locations":[{"start":{"line":69,"column":4},"end":{"line":70,"column":14}},{"start":{"line":75,"column":4},"end":{"line":76,"column":14}}]},"8":{"line":85,"type":"switch","locations":[{"start":{"line":90,"column":4},"end":{"line":95,"column":14}},{"start":{"line":101,"column":4},"end":{"line":183,"column":14},"skip":true}]},"9":{"line":92,"type":"binary-expr","locations":[{"start":{"line":92,"column":18},"end":{"line":92,"column":32}},{"start":{"line":93,"column":12},"end":{"line":93,"column":53}},{"start":{"line":94,"column":12},"end":{"line":94,"column":61}}]},"10":{"line":102,"type":"binary-expr","locations":[{"start":{"line":102,"column":45},"end":{"line":102,"column":79},"skip":true},{"start":{"line":102,"column":83},"end":{"line":111,"column":9},"skip":true}]},"11":{"line":113,"type":"binary-expr","locations":[{"start":{"line":113,"column":42},"end":{"line":113,"column":73},"skip":true},{"start":{"line":113,"column":77},"end":{"line":126,"column":9},"skip":true}]},"12":{"line":128,"type":"binary-expr","locations":[{"start":{"line":128,"column":48},"end":{"line":128,"column":85},"skip":true},{"start":{"line":129,"column":12},"end":{"line":135,"column":13},"skip":true}]},"13":{"line":137,"type":"binary-expr","locations":[{"start":{"line":137,"column":42},"end":{"line":137,"column":73},"skip":true},{"start":{"line":137,"column":77},"end":{"line":146,"column":9},"skip":true}]},"14":{"line":148,"type":"binary-expr","locations":[{"start":{"line":148,"column":45},"end":{"line":148,"column":79},"skip":true},{"start":{"line":148,"column":83},"end":{"line":157,"column":9},"skip":true}]},"15":{"line":159,"type":"binary-expr","locations":[{"start":{"line":159,"column":43},"end":{"line":159,"column":75},"skip":true},{"start":{"line":159,"column":79},"end":{"line":168,"column":9},"skip":true}]},"16":{"line":170,"type":"binary-expr","locations":[{"start":{"line":170,"column":41},"end":{"line":170,"column":71},"skip":true},{"start":{"line":170,"column":75},"end":{"line":179,"column":9},"skip":true}]}},"code":["/* istanbul instrument in package npmtest_redis */","/*jslint","    bitwise: true,","    browser: true,","    maxerr: 8,","    maxlen: 96,","    node: true,","    nomen: true,","    regexp: true,","    stupid: true","*/","(function () {","    'use strict';","    var local;","","","","    // run shared js-env code - pre-init","    (function () {","        // init local","        local = {};","        // init modeJs","        local.modeJs = (function () {","            try {","                return typeof navigator.userAgent === 'string' &&","                    typeof document.querySelector('body') === 'object' &&","                    typeof XMLHttpRequest.prototype.open === 'function' &&","                    'browser';","            } catch (errorCaughtBrowser) {","                return module.exports &&","                    typeof process.versions.node === 'string' &&","                    typeof require('http').createServer === 'function' &&","                    'node';","            }","        }());","        // init global","        local.global = local.modeJs === 'browser'","            ? window","            : global;","        switch (local.modeJs) {","        // re-init local from window.local","        case 'browser':","            local = local.global.utility2.objectSetDefault(","                local.global.utility2_rollup || local.global.local,","                local.global.utility2","            );","            break;","        // re-init local from example.js","        case 'node':","            local = (local.global.utility2_rollup || require('utility2'))","                .requireExampleJsFromReadme();","            break;","        }","        // export local","        local.global.local = local;","    }());","","","","    // run shared js-env code - function","    (function () {","        return;","    }());","    switch (local.modeJs) {","","","","    // run browser js-env code - function","    case 'browser':","        break;","","","","    // run node js-env code - function","    case 'node':","        break;","    }","","","","    // run shared js-env code - post-init","    (function () {","        return;","    }());","    switch (local.modeJs) {","","","","    // run browser js-env code - post-init","    case 'browser':","        // run tests","        local.nop(local.modeTest &&","            document.querySelector('#testRunButton1') &&","            document.querySelector('#testRunButton1').click());","        break;","","","","    // run node js-env code - post-init","    /* istanbul ignore next */","    case 'node':","        local.testCase_buildApidoc_default = local.testCase_buildApidoc_default || function (","            options,","            onError","        ) {","        /*","         * this function will test buildApidoc's default handling-behavior-behavior","         */","            options = { modulePathList: module.paths };","            local.buildApidoc(options, onError);","        };","","        local.testCase_buildApp_default = local.testCase_buildApp_default || function (","            options,","            onError","        ) {","        /*","         * this function will test buildApp's default handling-behavior-behavior","         */","            local.testCase_buildReadme_default(options, local.onErrorThrow);","            local.testCase_buildLib_default(options, local.onErrorThrow);","            local.testCase_buildTest_default(options, local.onErrorThrow);","            local.testCase_buildCustomOrg_default(options, local.onErrorThrow);","            options = [];","            local.buildApp(options, onError);","        };","","        local.testCase_buildCustomOrg_default = local.testCase_buildCustomOrg_default ||","            function (options, onError) {","            /*","             * this function will test buildCustomOrg's default handling-behavior","             */","                options = {};","                local.buildCustomOrg(options, onError);","            };","","        local.testCase_buildLib_default = local.testCase_buildLib_default || function (","            options,","            onError","        ) {","        /*","         * this function will test buildLib's default handling-behavior","         */","            options = {};","            local.buildLib(options, onError);","        };","","        local.testCase_buildReadme_default = local.testCase_buildReadme_default || function (","            options,","            onError","        ) {","        /*","         * this function will test buildReadme's default handling-behavior-behavior","         */","            options = {};","            local.buildReadme(options, onError);","        };","","        local.testCase_buildTest_default = local.testCase_buildTest_default || function (","            options,","            onError","        ) {","        /*","         * this function will test buildTest's default handling-behavior","         */","            options = {};","            local.buildTest(options, onError);","        };","","        local.testCase_webpage_default = local.testCase_webpage_default || function (","            options,","            onError","        ) {","        /*","         * this function will test webpage's default handling-behavior","         */","            options = { modeCoverageMerge: true, url: local.serverLocalHost + '?modeTest=1' };","            local.browserTest(options, onError);","        };","","        // run test-server","        local.testRunServer(local);","        break;","    }","}());",""],"l":{"12":2,"14":2,"19":2,"21":2,"23":2,"24":2,"25":2,"30":1,"37":2,"40":2,"43":1,"47":1,"50":1,"52":1,"55":2,"61":2,"62":2,"64":2,"70":1,"76":1,"82":2,"83":2,"85":2,"92":1,"95":1,"102":1,"109":1,"110":1,"113":1,"120":1,"121":1,"122":1,"123":1,"124":1,"125":1,"128":1,"133":2,"134":2,"137":1,"144":2,"145":2,"148":1,"155":2,"156":2,"159":1,"166":2,"167":2,"170":1,"177":1,"178":1,"182":1,"183":1}},"/home/travis/build/npmtest/node-npmtest-redis/lib.npmtest_redis.js":{"path":"/home/travis/build/npmtest/node-npmtest-redis/lib.npmtest_redis.js","s":{"1":2,"2":2,"3":2,"4":2,"5":2,"6":2,"7":2,"8":1,"9":2,"10":2,"11":2,"12":2,"13":1,"14":1,"15":1,"16":1},"b":{"1":[2,1,1,1],"2":[1,1,1,1],"3":[1,1],"4":[2,2],"5":[1,1]},"f":{"1":2,"2":2,"3":2},"fnMap":{"1":{"name":"(anonymous_1)","line":12,"loc":{"start":{"line":12,"column":1},"end":{"line":12,"column":13}}},"2":{"name":"(anonymous_2)","line":19,"loc":{"start":{"line":19,"column":5},"end":{"line":19,"column":17}}},"3":{"name":"(anonymous_3)","line":23,"loc":{"start":{"line":23,"column":24},"end":{"line":23,"column":36}}}},"statementMap":{"1":{"start":{"line":12,"column":0},"end":{"line":53,"column":5}},"2":{"start":{"line":14,"column":4},"end":{"line":14,"column":14}},"3":{"start":{"line":19,"column":4},"end":{"line":52,"column":9}},"4":{"start":{"line":21,"column":8},"end":{"line":21,"column":19}},"5":{"start":{"line":23,"column":8},"end":{"line":35,"column":13}},"6":{"start":{"line":24,"column":12},"end":{"line":34,"column":13}},"7":{"start":{"line":25,"column":16},"end":{"line":28,"column":30}},"8":{"start":{"line":30,"column":16},"end":{"line":33,"column":27}},"9":{"start":{"line":37,"column":8},"end":{"line":39,"column":21}},"10":{"start":{"line":41,"column":8},"end":{"line":41,"column":54}},"11":{"start":{"line":43,"column":8},"end":{"line":43,"column":50}},"12":{"start":{"line":45,"column":8},"end":{"line":51,"column":9}},"13":{"start":{"line":46,"column":12},"end":{"line":46,"column":56}},"14":{"start":{"line":48,"column":12},"end":{"line":48,"column":35}},"15":{"start":{"line":49,"column":12},"end":{"line":49,"column":49}},"16":{"start":{"line":50,"column":12},"end":{"line":50,"column":43}}},"branchMap":{"1":{"line":25,"type":"binary-expr","locations":[{"start":{"line":25,"column":23},"end":{"line":25,"column":62}},{"start":{"line":26,"column":20},"end":{"line":26,"column":70}},{"start":{"line":27,"column":20},"end":{"line":27,"column":71}},{"start":{"line":28,"column":20},"end":{"line":28,"column":29}}]},"2":{"line":30,"type":"binary-expr","locations":[{"start":{"line":30,"column":23},"end":{"line":30,"column":37}},{"start":{"line":31,"column":20},"end":{"line":31,"column":61}},{"start":{"line":32,"column":20},"end":{"line":32,"column":70}},{"start":{"line":33,"column":20},"end":{"line":33,"column":26}}]},"3":{"line":37,"type":"cond-expr","locations":[{"start":{"line":38,"column":14},"end":{"line":38,"column":20}},{"start":{"line":39,"column":14},"end":{"line":39,"column":20}}]},"4":{"line":41,"type":"binary-expr","locations":[{"start":{"line":41,"column":16},"end":{"line":41,"column":44}},{"start":{"line":41,"column":48},"end":{"line":41,"column":53}}]},"5":{"line":45,"type":"if","locations":[{"start":{"line":45,"column":8},"end":{"line":45,"column":8}},{"start":{"line":45,"column":8},"end":{"line":45,"column":8}}]}},"code":["/* istanbul instrument in package npmtest_redis */","/*jslint","    bitwise: true,","    browser: true,","    maxerr: 8,","    maxlen: 96,","    node: true,","    nomen: true,","    regexp: true,","    stupid: true","*/","(function () {","    'use strict';","    var local;","","","","    // run shared js-env code - pre-init","    (function () {","        // init local","        local = {};","        // init modeJs","        local.modeJs = (function () {","            try {","                return typeof navigator.userAgent === 'string' &&","                    typeof document.querySelector('body') === 'object' &&","                    typeof XMLHttpRequest.prototype.open === 'function' &&","                    'browser';","            } catch (errorCaughtBrowser) {","                return module.exports &&","                    typeof process.versions.node === 'string' &&","                    typeof require('http').createServer === 'function' &&","                    'node';","            }","        }());","        // init global","        local.global = local.modeJs === 'browser'","            ? window","            : global;","        // init utility2_rollup","        local = local.global.utility2_rollup || local;","        // init lib","        local.local = local.npmtest_redis = local;","        // init exports","        if (local.modeJs === 'browser') {","            local.global.utility2_npmtest_redis = local;","        } else {","            module.exports = local;","            module.exports.__dirname = __dirname;","            module.exports.module = module;","        }","    }());","}());",""],"l":{"12":2,"14":2,"19":2,"21":2,"23":2,"24":2,"25":2,"30":1,"37":2,"41":2,"43":2,"45":2,"46":1,"48":1,"49":1,"50":1}},"/home/travis/build/npmtest/node-npmtest-redis/example.js":{"path":"/home/travis/build/npmtest/node-npmtest-redis/example.js","s":{"1":2,"2":2,"3":2,"4":2,"5":2,"6":2,"7":2,"8":1,"9":2,"10":2,"11":2,"12":2,"13":1,"14":2,"15":2,"16":2,"17":2,"18":2,"19":0,"20":2,"21":1,"22":1,"23":1,"24":1,"25":1,"26":0,"27":0,"28":1,"29":1,"30":2,"31":0,"32":0,"33":0,"34":1,"35":2,"36":2,"37":2,"38":2,"39":2,"40":2,"41":0,"42":2,"43":2,"44":2,"45":1,"46":3,"47":1,"48":1,"49":1,"50":1,"51":1,"52":1,"53":1,"54":1,"55":1,"56":1,"57":0,"58":1,"59":6,"60":6,"61":1,"62":2,"63":0,"64":2,"65":1,"66":1,"67":0,"68":0,"69":0,"70":0,"71":0,"72":0,"73":0,"74":0,"75":0,"76":0,"77":0,"78":0,"79":0,"80":0,"81":0,"82":0,"83":0},"b":{"1":[2,1,1,1],"2":[1,1,1,1],"3":[1,1],"4":[2,2],"5":[1,1],"6":[1,1],"7":[2,0],"8":[2,1,1,1,1,1],"9":[0,2,0],"10":[1,1],"11":[2,1,1],"12":[1,0],"13":[0,2],"14":[2,0,0,0,0,0,0],"15":[0,2],"16":[2,0],"17":[1,1],"18":[0,1],"19":[1,2,0,2],"20":[1,0],"21":[1,1],"22":[0,0],"23":[0,0],"24":[0,0],"25":[0,0],"26":[0,0],"27":[0,0],"28":[0,0]},"f":{"1":2,"2":2,"3":2,"4":2,"5":2,"6":2,"7":2,"8":2,"9":3,"10":1,"11":6,"12":0},"fnMap":{"1":{"name":"(anonymous_1)","line":26,"loc":{"start":{"line":26,"column":1},"end":{"line":26,"column":13}}},"2":{"name":"(anonymous_2)","line":33,"loc":{"start":{"line":33,"column":5},"end":{"line":33,"column":17}}},"3":{"name":"(anonymous_3)","line":37,"loc":{"start":{"line":37,"column":24},"end":{"line":37,"column":36}}},"4":{"name":"(anonymous_4)","line":69,"loc":{"start":{"line":69,"column":31},"end":{"line":69,"column":48}},"skip":true},"5":{"name":"(anonymous_5)","line":78,"loc":{"start":{"line":78,"column":26},"end":{"line":78,"column":45}},"skip":true},"6":{"name":"(anonymous_6)","line":123,"loc":{"start":{"line":123,"column":33},"end":{"line":123,"column":48}},"skip":true},"7":{"name":"(anonymous_7)","line":125,"loc":{"start":{"line":125,"column":27},"end":{"line":125,"column":39}},"skip":true},"8":{"name":"(anonymous_8)","line":133,"loc":{"start":{"line":133,"column":59},"end":{"line":133,"column":74}},"skip":true},"9":{"name":"(anonymous_9)","line":143,"loc":{"start":{"line":143,"column":45},"end":{"line":143,"column":62}},"skip":true},"10":{"name":"(anonymous_10)","line":144,"loc":{"start":{"line":144,"column":73},"end":{"line":144,"column":92}},"skip":true},"11":{"name":"(anonymous_11)","line":272,"loc":{"start":{"line":272,"column":51},"end":{"line":272,"column":77}},"skip":true},"12":{"name":"(anonymous_12)","line":314,"loc":{"start":{"line":314,"column":32},"end":{"line":314,"column":61}},"skip":true}},"statementMap":{"1":{"start":{"line":26,"column":0},"end":{"line":325,"column":5}},"2":{"start":{"line":28,"column":4},"end":{"line":28,"column":14}},"3":{"start":{"line":33,"column":4},"end":{"line":60,"column":9}},"4":{"start":{"line":35,"column":8},"end":{"line":35,"column":19}},"5":{"start":{"line":37,"column":8},"end":{"line":49,"column":13}},"6":{"start":{"line":38,"column":12},"end":{"line":48,"column":13}},"7":{"start":{"line":39,"column":16},"end":{"line":42,"column":30}},"8":{"start":{"line":44,"column":16},"end":{"line":47,"column":27}},"9":{"start":{"line":51,"column":8},"end":{"line":53,"column":21}},"10":{"start":{"line":55,"column":8},"end":{"line":57,"column":45}},"11":{"start":{"line":59,"column":8},"end":{"line":59,"column":35}},"12":{"start":{"line":61,"column":4},"end":{"line":324,"column":5}},"13":{"start":{"line":69,"column":8},"end":{"line":121,"column":10},"skip":true},"14":{"start":{"line":70,"column":12},"end":{"line":88,"column":13},"skip":true},"15":{"start":{"line":76,"column":16},"end":{"line":87,"column":19},"skip":true},"16":{"start":{"line":79,"column":20},"end":{"line":86,"column":21},"skip":true},"17":{"start":{"line":82,"column":24},"end":{"line":82,"column":43},"skip":true},"18":{"start":{"line":83,"column":24},"end":{"line":83,"column":30},"skip":true},"19":{"start":{"line":85,"column":24},"end":{"line":85,"column":49},"skip":true},"20":{"start":{"line":89,"column":12},"end":{"line":107,"column":13},"skip":true},"21":{"start":{"line":92,"column":16},"end":{"line":102,"column":17},"skip":true},"22":{"start":{"line":93,"column":20},"end":{"line":93,"column":86},"skip":true},"23":{"start":{"line":94,"column":20},"end":{"line":95,"column":45},"skip":true},"24":{"start":{"line":96,"column":20},"end":{"line":96,"column":42},"skip":true},"25":{"start":{"line":97,"column":20},"end":{"line":97,"column":48},"skip":true},"26":{"start":{"line":100,"column":20},"end":{"line":100,"column":85},"skip":true},"27":{"start":{"line":101,"column":20},"end":{"line":101,"column":96},"skip":true},"28":{"start":{"line":103,"column":16},"end":{"line":103,"column":22},"skip":true},"29":{"start":{"line":106,"column":16},"end":{"line":106,"column":22},"skip":true},"30":{"start":{"line":108,"column":12},"end":{"line":120,"column":13},"skip":true},"31":{"start":{"line":114,"column":16},"end":{"line":119,"column":17},"skip":true},"32":{"start":{"line":116,"column":20},"end":{"line":116,"column":78},"skip":true},"33":{"start":{"line":118,"column":20},"end":{"line":118,"column":47},"skip":true},"34":{"start":{"line":123,"column":8},"end":{"line":141,"column":11},"skip":true},"35":{"start":{"line":124,"column":12},"end":{"line":124,"column":54},"skip":true},"36":{"start":{"line":125,"column":12},"end":{"line":140,"column":14},"skip":true},"37":{"start":{"line":126,"column":16},"end":{"line":126,"column":28},"skip":true},"38":{"start":{"line":127,"column":16},"end":{"line":127,"column":69},"skip":true},"39":{"start":{"line":128,"column":16},"end":{"line":128,"column":75},"skip":true},"40":{"start":{"line":129,"column":16},"end":{"line":131,"column":17},"skip":true},"41":{"start":{"line":130,"column":20},"end":{"line":130,"column":27},"skip":true},"42":{"start":{"line":133,"column":16},"end":{"line":137,"column":36},"skip":true},"43":{"start":{"line":134,"column":20},"end":{"line":136,"column":55},"skip":true},"44":{"start":{"line":139,"column":16},"end":{"line":139,"column":57},"skip":true},"45":{"start":{"line":143,"column":8},"end":{"line":147,"column":11},"skip":true},"46":{"start":{"line":144,"column":12},"end":{"line":146,"column":15},"skip":true},"47":{"start":{"line":145,"column":16},"end":{"line":145,"column":70},"skip":true},"48":{"start":{"line":149,"column":8},"end":{"line":149,"column":31},"skip":true},"49":{"start":{"line":150,"column":8},"end":{"line":150,"column":14},"skip":true},"50":{"start":{"line":158,"column":8},"end":{"line":158,"column":31},"skip":true},"51":{"start":{"line":160,"column":8},"end":{"line":160,"column":33},"skip":true},"52":{"start":{"line":161,"column":8},"end":{"line":161,"column":37},"skip":true},"53":{"start":{"line":162,"column":8},"end":{"line":162,"column":35},"skip":true},"54":{"start":{"line":164,"column":8},"end":{"line":164,"column":50},"skip":true},"55":{"start":{"line":166,"column":8},"end":{"line":256,"column":2},"skip":true},"56":{"start":{"line":258,"column":8},"end":{"line":286,"column":9},"skip":true},"57":{"start":{"line":259,"column":12},"end":{"line":269,"column":14},"skip":true},"58":{"start":{"line":271,"column":12},"end":{"line":285,"column":19},"skip":true},"59":{"start":{"line":274,"column":20},"end":{"line":274,"column":35},"skip":true},"60":{"start":{"line":275,"column":20},"end":{"line":284,"column":21},"skip":true},"61":{"start":{"line":277,"column":24},"end":{"line":277,"column":64},"skip":true},"62":{"start":{"line":279,"column":24},"end":{"line":279,"column":40},"skip":true},"63":{"start":{"line":281,"column":24},"end":{"line":281,"column":40},"skip":true},"64":{"start":{"line":283,"column":24},"end":{"line":283,"column":39},"skip":true},"65":{"start":{"line":288,"column":8},"end":{"line":290,"column":9},"skip":true},"66":{"start":{"line":289,"column":12},"end":{"line":289,"column":18},"skip":true},"67":{"start":{"line":291,"column":8},"end":{"line":293,"column":54},"skip":true},"68":{"start":{"line":294,"column":8},"end":{"line":301,"column":37},"skip":true},"69":{"start":{"line":302,"column":8},"end":{"line":302,"column":82},"skip":true},"70":{"start":{"line":305,"column":8},"end":{"line":307,"column":9},"skip":true},"71":{"start":{"line":306,"column":12},"end":{"line":306,"column":82},"skip":true},"72":{"start":{"line":309,"column":8},"end":{"line":311,"column":9},"skip":true},"73":{"start":{"line":310,"column":12},"end":{"line":310,"column":18},"skip":true},"74":{"start":{"line":312,"column":8},"end":{"line":312,"column":54},"skip":true},"75":{"start":{"line":313,"column":8},"end":{"line":313,"column":69},"skip":true},"76":{"start":{"line":314,"column":8},"end":{"line":322,"column":36},"skip":true},"77":{"start":{"line":315,"column":12},"end":{"line":315,"column":61},"skip":true},"78":{"start":{"line":316,"column":12},"end":{"line":319,"column":13},"skip":true},"79":{"start":{"line":317,"column":16},"end":{"line":317,"column":75},"skip":true},"80":{"start":{"line":318,"column":16},"end":{"line":318,"column":23},"skip":true},"81":{"start":{"line":320,"column":12},"end":{"line":320,"column":38},"skip":true},"82":{"start":{"line":321,"column":12},"end":{"line":321,"column":27},"skip":true},"83":{"start":{"line":323,"column":8},"end":{"line":323,"column":14},"skip":true}},"branchMap":{"1":{"line":39,"type":"binary-expr","locations":[{"start":{"line":39,"column":23},"end":{"line":39,"column":62}},{"start":{"line":40,"column":20},"end":{"line":40,"column":70}},{"start":{"line":41,"column":20},"end":{"line":41,"column":71}},{"start":{"line":42,"column":20},"end":{"line":42,"column":29}}]},"2":{"line":44,"type":"binary-expr","locations":[{"start":{"line":44,"column":23},"end":{"line":44,"column":37}},{"start":{"line":45,"column":20},"end":{"line":45,"column":61}},{"start":{"line":46,"column":20},"end":{"line":46,"column":70}},{"start":{"line":47,"column":20},"end":{"line":47,"column":26}}]},"3":{"line":51,"type":"cond-expr","locations":[{"start":{"line":52,"column":14},"end":{"line":52,"column":20}},{"start":{"line":53,"column":14},"end":{"line":53,"column":20}}]},"4":{"line":55,"type":"binary-expr","locations":[{"start":{"line":55,"column":16},"end":{"line":55,"column":44}},{"start":{"line":55,"column":49},"end":{"line":57,"column":43}}]},"5":{"line":55,"type":"cond-expr","locations":[{"start":{"line":56,"column":14},"end":{"line":56,"column":49}},{"start":{"line":57,"column":14},"end":{"line":57,"column":43}}]},"6":{"line":61,"type":"switch","locations":[{"start":{"line":68,"column":4},"end":{"line":150,"column":14},"skip":true},{"start":{"line":156,"column":4},"end":{"line":323,"column":14},"skip":true}]},"7":{"line":70,"type":"if","locations":[{"start":{"line":70,"column":12},"end":{"line":70,"column":12},"skip":true},{"start":{"line":70,"column":12},"end":{"line":70,"column":12},"skip":true}]},"8":{"line":70,"type":"binary-expr","locations":[{"start":{"line":70,"column":16},"end":{"line":70,"column":22},"skip":true},{"start":{"line":70,"column":27},"end":{"line":70,"column":32},"skip":true},{"start":{"line":71,"column":20},"end":{"line":71,"column":39},"skip":true},{"start":{"line":72,"column":20},"end":{"line":72,"column":49},"skip":true},{"start":{"line":73,"column":20},"end":{"line":73,"column":58},"skip":true},{"start":{"line":74,"column":20},"end":{"line":74,"column":69},"skip":true}]},"9":{"line":79,"type":"switch","locations":[{"start":{"line":80,"column":20},"end":{"line":80,"column":33},"skip":true},{"start":{"line":81,"column":20},"end":{"line":83,"column":30},"skip":true},{"start":{"line":84,"column":20},"end":{"line":85,"column":49},"skip":true}]},"10":{"line":89,"type":"switch","locations":[{"start":{"line":90,"column":12},"end":{"line":103,"column":22},"skip":true},{"start":{"line":105,"column":12},"end":{"line":106,"column":22},"skip":true}]},"11":{"line":89,"type":"binary-expr","locations":[{"start":{"line":89,"column":20},"end":{"line":89,"column":25},"skip":true},{"start":{"line":89,"column":29},"end":{"line":89,"column":48},"skip":true},{"start":{"line":89,"column":52},"end":{"line":89,"column":74},"skip":true}]},"12":{"line":92,"type":"if","locations":[{"start":{"line":92,"column":16},"end":{"line":92,"column":16},"skip":true},{"start":{"line":92,"column":16},"end":{"line":92,"column":16},"skip":true}]},"13":{"line":108,"type":"if","locations":[{"start":{"line":108,"column":12},"end":{"line":108,"column":12},"skip":true},{"start":{"line":108,"column":12},"end":{"line":108,"column":12},"skip":true}]},"14":{"line":108,"type":"binary-expr","locations":[{"start":{"line":108,"column":16},"end":{"line":108,"column":61},"skip":true},{"start":{"line":108,"column":66},"end":{"line":108,"column":72},"skip":true},{"start":{"line":108,"column":77},"end":{"line":108,"column":82},"skip":true},{"start":{"line":109,"column":20},"end":{"line":109,"column":39},"skip":true},{"start":{"line":110,"column":20},"end":{"line":110,"column":49},"skip":true},{"start":{"line":111,"column":20},"end":{"line":111,"column":58},"skip":true},{"start":{"line":112,"column":20},"end":{"line":112,"column":68},"skip":true}]},"15":{"line":129,"type":"if","locations":[{"start":{"line":129,"column":16},"end":{"line":129,"column":16},"skip":true},{"start":{"line":129,"column":16},"end":{"line":129,"column":16},"skip":true}]},"16":{"line":134,"type":"cond-expr","locations":[{"start":{"line":135,"column":26},"end":{"line":135,"column":29},"skip":true},{"start":{"line":136,"column":26},"end":{"line":136,"column":54},"skip":true}]},"17":{"line":164,"type":"binary-expr","locations":[{"start":{"line":164,"column":27},"end":{"line":164,"column":43},"skip":true},{"start":{"line":164,"column":47},"end":{"line":164,"column":49},"skip":true}]},"18":{"line":258,"type":"if","locations":[{"start":{"line":258,"column":8},"end":{"line":258,"column":8},"skip":true},{"start":{"line":258,"column":8},"end":{"line":258,"column":8},"skip":true}]},"19":{"line":275,"type":"switch","locations":[{"start":{"line":276,"column":20},"end":{"line":277,"column":64},"skip":true},{"start":{"line":278,"column":20},"end":{"line":279,"column":40},"skip":true},{"start":{"line":280,"column":20},"end":{"line":281,"column":40},"skip":true},{"start":{"line":282,"column":20},"end":{"line":283,"column":39},"skip":true}]},"20":{"line":288,"type":"if","locations":[{"start":{"line":288,"column":8},"end":{"line":288,"column":8},"skip":true},{"start":{"line":288,"column":8},"end":{"line":288,"column":8},"skip":true}]},"21":{"line":288,"type":"binary-expr","locations":[{"start":{"line":288,"column":12},"end":{"line":288,"column":40},"skip":true},{"start":{"line":288,"column":44},"end":{"line":288,"column":67},"skip":true}]},"22":{"line":292,"type":"binary-expr","locations":[{"start":{"line":292,"column":12},"end":{"line":292,"column":50},"skip":true},{"start":{"line":293,"column":12},"end":{"line":293,"column":53},"skip":true}]},"23":{"line":295,"type":"binary-expr","locations":[{"start":{"line":295,"column":12},"end":{"line":295,"column":63},"skip":true},{"start":{"line":296,"column":12},"end":{"line":301,"column":36},"skip":true}]},"24":{"line":302,"type":"binary-expr","locations":[{"start":{"line":302,"column":43},"end":{"line":302,"column":75},"skip":true},{"start":{"line":302,"column":79},"end":{"line":302,"column":81},"skip":true}]},"25":{"line":305,"type":"if","locations":[{"start":{"line":305,"column":8},"end":{"line":305,"column":8},"skip":true},{"start":{"line":305,"column":8},"end":{"line":305,"column":8},"skip":true}]},"26":{"line":309,"type":"if","locations":[{"start":{"line":309,"column":8},"end":{"line":309,"column":8},"skip":true},{"start":{"line":309,"column":8},"end":{"line":309,"column":8},"skip":true}]},"27":{"line":312,"type":"binary-expr","locations":[{"start":{"line":312,"column":27},"end":{"line":312,"column":43},"skip":true},{"start":{"line":312,"column":47},"end":{"line":312,"column":53},"skip":true}]},"28":{"line":316,"type":"if","locations":[{"start":{"line":316,"column":12},"end":{"line":316,"column":12},"skip":true},{"start":{"line":316,"column":12},"end":{"line":316,"column":12},"skip":true}]}},"code":["/*","example.js","","quickstart example","","instruction","    1. save this script as example.js","    2. run the shell command:","        $ npm install npmtest-redis && PORT=8081 node example.js","    3. play with the browser-demo on http://127.0.0.1:8081","*/","","","","/* istanbul instrument in package npmtest_redis */","/*jslint","    bitwise: true,","    browser: true,","    maxerr: 8,","    maxlen: 96,","    node: true,","    nomen: true,","    regexp: true,","    stupid: true","*/","(function () {","    'use strict';","    var local;","","","","    // run shared js-env code - pre-init","    (function () {","        // init local","        local = {};","        // init modeJs","        local.modeJs = (function () {","            try {","                return typeof navigator.userAgent === 'string' &&","                    typeof document.querySelector('body') === 'object' &&","                    typeof XMLHttpRequest.prototype.open === 'function' &&","                    'browser';","            } catch (errorCaughtBrowser) {","                return module.exports &&","                    typeof process.versions.node === 'string' &&","                    typeof require('http').createServer === 'function' &&","                    'node';","            }","        }());","        // init global","        local.global = local.modeJs === 'browser'","            ? window","            : global;","        // init utility2_rollup","        local = local.global.utility2_rollup || (local.modeJs === 'browser'","            ? local.global.utility2_npmtest_redis","            : global.utility2_moduleExports);","        // export local","        local.global.local = local;","    }());","    switch (local.modeJs) {","","","","    // post-init","    // run browser js-env code - post-init","    /* istanbul ignore next */","    case 'browser':","        local.testRunBrowser = function (event) {","            if (!event || (event &&","                    event.currentTarget &&","                    event.currentTarget.className &&","                    event.currentTarget.className.includes &&","                    event.currentTarget.className.includes('onreset'))) {","                // reset output","                Array.from(","                    document.querySelectorAll('body > .resettable')","                ).forEach(function (element) {","                    switch (element.tagName) {","                    case 'INPUT':","                    case 'TEXTAREA':","                        element.value = '';","                        break;","                    default:","                        element.textContent = '';","                    }","                });","            }","            switch (event && event.currentTarget && event.currentTarget.id) {","            case 'testRunButton1':","                // show tests","                if (document.querySelector('#testReportDiv1').style.display === 'none') {","                    document.querySelector('#testReportDiv1').style.display = 'block';","                    document.querySelector('#testRunButton1').textContent =","                        'hide internal test';","                    local.modeTest = true;","                    local.testRunDefault(local);","                // hide tests","                } else {","                    document.querySelector('#testReportDiv1').style.display = 'none';","                    document.querySelector('#testRunButton1').textContent = 'run internal test';","                }","                break;","            // custom-case","            default:","                break;","            }","            if (document.querySelector('#inputTextareaEval1') && (!event || (event &&","                    event.currentTarget &&","                    event.currentTarget.className &&","                    event.currentTarget.className.includes &&","                    event.currentTarget.className.includes('oneval')))) {","                // try to eval input-code","                try {","                    /*jslint evil: true*/","                    eval(document.querySelector('#inputTextareaEval1').value);","                } catch (errorCaught) {","                    console.error(errorCaught);","                }","            }","        };","        // log stderr and stdout to #outputTextareaStdout1","        ['error', 'log'].forEach(function (key) {","            console[key + '_original'] = console[key];","            console[key] = function () {","                var element;","                console[key + '_original'].apply(console, arguments);","                element = document.querySelector('#outputTextareaStdout1');","                if (!element) {","                    return;","                }","                // append text to #outputTextareaStdout1","                element.value += Array.from(arguments).map(function (arg) {","                    return typeof arg === 'string'","                        ? arg","                        : JSON.stringify(arg, null, 4);","                }).join(' ') + '\\n';","                // scroll textarea to bottom","                element.scrollTop = element.scrollHeight;","            };","        });","        // init event-handling","        ['change', 'click', 'keyup'].forEach(function (event) {","            Array.from(document.querySelectorAll('.on' + event)).forEach(function (element) {","                element.addEventListener(event, local.testRunBrowser);","            });","        });","        // run tests","        local.testRunBrowser();","        break;","","","","    // run node js-env code - post-init","    /* istanbul ignore next */","    case 'node':","        // export local","        module.exports = local;","        // require modules","        local.fs = require('fs');","        local.http = require('http');","        local.url = require('url');","        // init assets","        local.assetsDict = local.assetsDict || {};","        /* jslint-ignore-begin */","        local.assetsDict['/assets.index.template.html'] = '\\","<!doctype html>\\n\\","<html lang=\"en\">\\n\\","<head>\\n\\","<meta charset=\"UTF-8\">\\n\\","<meta name=\"viewport\" content=\"width=device-width, initial-scale=1\">\\n\\","<title>{{env.npm_package_name}} (v{{env.npm_package_version}})</title>\\n\\","<style>\\n\\","/*csslint\\n\\","    box-sizing: false,\\n\\","    universal-selector: false\\n\\","*/\\n\\","* {\\n\\","    box-sizing: border-box;\\n\\","}\\n\\","body {\\n\\","    background: #dde;\\n\\","    font-family: Arial, Helvetica, sans-serif;\\n\\","    margin: 2rem;\\n\\","}\\n\\","body > * {\\n\\","    margin-bottom: 1rem;\\n\\","}\\n\\",".utility2FooterDiv {\\n\\","    margin-top: 20px;\\n\\","    text-align: center;\\n\\","}\\n\\","</style>\\n\\","<style>\\n\\","/*csslint\\n\\","*/\\n\\","textarea {\\n\\","    font-family: monospace;\\n\\","    height: 10rem;\\n\\","    width: 100%;\\n\\","}\\n\\","textarea[readonly] {\\n\\","    background: #ddd;\\n\\","}\\n\\","</style>\\n\\","</head>\\n\\","<body>\\n\\","<!-- utility2-comment\\n\\","<div id=\"ajaxProgressDiv1\" style=\"background: #d00; height: 2px; left: 0; margin: 0; padding: 0; position: fixed; top: 0; transition: background 0.5s, width 1.5s; width: 25%;\"></div>\\n\\","utility2-comment -->\\n\\","<h1>\\n\\","<!-- utility2-comment\\n\\","    <a\\n\\","        {{#if env.npm_package_homepage}}\\n\\","        href=\"{{env.npm_package_homepage}}\"\\n\\","        {{/if env.npm_package_homepage}}\\n\\","        target=\"_blank\"\\n\\","    >\\n\\","utility2-comment -->\\n\\","        {{env.npm_package_name}} (v{{env.npm_package_version}})\\n\\","<!-- utility2-comment\\n\\","    </a>\\n\\","utility2-comment -->\\n\\","</h1>\\n\\","<h3>{{env.npm_package_description}}</h3>\\n\\","<!-- utility2-comment\\n\\","<h4><a download href=\"assets.app.js\">download standalone app</a></h4>\\n\\","<button class=\"onclick onreset\" id=\"testRunButton1\">run internal test</button><br>\\n\\","<div id=\"testReportDiv1\" style=\"display: none;\"></div>\\n\\","utility2-comment -->\\n\\","\\n\\","\\n\\","\\n\\","<label>stderr and stdout</label>\\n\\","<textarea class=\"resettable\" id=\"outputTextareaStdout1\" readonly></textarea>\\n\\","<!-- utility2-comment\\n\\","{{#if isRollup}}\\n\\","<script src=\"assets.app.js\"></script>\\n\\","{{#unless isRollup}}\\n\\","utility2-comment -->\\n\\","<script src=\"assets.utility2.rollup.js\"></script>\\n\\","<script src=\"jsonp.utility2._stateInit?callback=window.utility2._stateInit\"></script>\\n\\","<script src=\"assets.npmtest_redis.rollup.js\"></script>\\n\\","<script src=\"assets.example.js\"></script>\\n\\","<script src=\"assets.test.js\"></script>\\n\\","<!-- utility2-comment\\n\\","{{/if isRollup}}\\n\\","utility2-comment -->\\n\\","<div class=\"utility2FooterDiv\">\\n\\","    [ this app was created with\\n\\","    <a href=\"https://github.com/kaizhu256/node-utility2\" target=\"_blank\">utility2</a>\\n\\","    ]\\n\\","</div>\\n\\","</body>\\n\\","</html>\\n\\","';","        /* jslint-ignore-end */","        if (local.templateRender) {","            local.assetsDict['/'] = local.templateRender(","                local.assetsDict['/assets.index.template.html'],","                {","                    env: local.objectSetDefault(local.env, {","                        npm_package_description: 'the greatest app in the world!',","                        npm_package_name: 'my-app',","                        npm_package_nameAlias: 'my_app',","                        npm_package_version: '0.0.1'","                    })","                }","            );","        } else {","            local.assetsDict['/'] = local.assetsDict['/assets.index.template.html']","                .replace((/\\{\\{env\\.(\\w+?)\\}\\}/g), function (match0, match1) {","                    // jslint-hack","                    String(match0);","                    switch (match1) {","                    case 'npm_package_description':","                        return 'the greatest app in the world!';","                    case 'npm_package_name':","                        return 'my-app';","                    case 'npm_package_nameAlias':","                        return 'my_app';","                    case 'npm_package_version':","                        return '0.0.1';","                    }","                });","        }","        // run the cli","        if (local.global.utility2_rollup || module !== require.main) {","            break;","        }","        local.assetsDict['/assets.example.js'] =","            local.assetsDict['/assets.example.js'] ||","            local.fs.readFileSync(__filename, 'utf8');","        local.assetsDict['/assets.npmtest_redis.rollup.js'] =","            local.assetsDict['/assets.npmtest_redis.rollup.js'] ||","            local.fs.readFileSync(","                // buildCustomOrg-hack","                local.npmtest_redis.__dirname +","                    '/lib.npmtest_redis.js',","                'utf8'","            ).replace((/^#!/), '//');","        local.assetsDict['/favicon.ico'] = local.assetsDict['/favicon.ico'] || '';","        // if $npm_config_timeout_exit exists,","        // then exit this process after $npm_config_timeout_exit ms","        if (Number(process.env.npm_config_timeout_exit)) {","            setTimeout(process.exit, Number(process.env.npm_config_timeout_exit));","        }","        // start server","        if (local.global.utility2_serverHttp1) {","            break;","        }","        process.env.PORT = process.env.PORT || '8081';","        console.error('server starting on port ' + process.env.PORT);","        local.http.createServer(function (request, response) {","            request.urlParsed = local.url.parse(request.url);","            if (local.assetsDict[request.urlParsed.pathname] !== undefined) {","                response.end(local.assetsDict[request.urlParsed.pathname]);","                return;","            }","            response.statusCode = 404;","            response.end();","        }).listen(process.env.PORT);","        break;","    }","}());",""],"l":{"26":2,"28":2,"33":2,"35":2,"37":2,"38":2,"39":2,"44":1,"51":2,"55":2,"59":2,"61":2,"69":1,"70":2,"76":2,"79":2,"82":2,"83":2,"85":1,"89":2,"92":1,"93":1,"94":1,"96":1,"97":1,"100":1,"101":1,"103":1,"106":1,"108":2,"114":1,"116":1,"118":1,"123":1,"124":2,"125":2,"126":2,"127":2,"128":2,"129":2,"130":1,"133":2,"134":2,"139":2,"143":1,"144":3,"145":1,"149":1,"150":1,"158":1,"160":1,"161":1,"162":1,"164":1,"166":1,"258":1,"259":1,"271":1,"274":6,"275":6,"277":1,"279":2,"281":1,"283":2,"288":1,"289":1,"291":1,"294":1,"302":1,"305":1,"306":1,"309":1,"310":1,"312":1,"313":1,"314":1,"315":1,"316":1,"317":1,"318":1,"320":1,"321":1,"323":1}},"/home/travis/build/npmtest/node-npmtest-redis/redis/index.js":{"path":"/home/travis/build/npmtest/node-npmtest-redis/redis/index.js","s":{"1":1,"2":1,"3":1,"4":1,"5":1,"6":1,"7":1,"8":1,"9":1,"10":1,"11":1,"12":1,"13":1,"14":1,"15":0,"16":1,"17":1,"18":0,"19":0,"20":0,"21":0,"22":0,"23":1,"24":1,"25":0,"26":0,"27":0,"28":0,"29":0,"30":0,"31":0,"32":0,"33":0,"34":0,"35":0,"36":0,"37":0,"38":0,"39":0,"40":0,"41":0,"42":0,"43":0,"44":0,"45":0,"46":0,"47":0,"48":0,"49":0,"50":0,"51":0,"52":0,"53":0,"54":0,"55":0,"56":0,"57":0,"58":0,"59":0,"60":0,"61":0,"62":0,"63":0,"64":0,"65":0,"66":0,"67":0,"68":0,"69":0,"70":0,"71":0,"72":0,"73":0,"74":0,"75":0,"76":0,"77":0,"78":0,"79":0,"80":0,"81":0,"82":0,"83":0,"84":0,"85":0,"86":0,"87":0,"88":0,"89":0,"90":0,"91":0,"92":0,"93":0,"94":0,"95":0,"96":0,"97":0,"98":0,"99":0,"100":0,"101":0,"102":0,"103":0,"104":0,"105":0,"106":0,"107":0,"108":0,"109":0,"110":1,"111":1,"112":1,"113":0,"114":0,"115":0,"116":0,"117":0,"118":0,"119":0,"120":0,"121":1,"122":0,"123":0,"124":0,"125":0,"126":0,"127":0,"128":0,"129":0,"130":0,"131":0,"132":0,"133":0,"134":0,"135":0,"136":0,"137":0,"138":0,"139":0,"140":0,"141":0,"142":0,"143":0,"144":0,"145":0,"146":0,"147":0,"148":0,"149":0,"150":0,"151":0,"152":0,"153":0,"154":0,"155":0,"156":0,"157":0,"158":0,"159":0,"160":0,"161":0,"162":0,"163":0,"164":1,"165":0,"166":0,"167":0,"168":1,"169":1,"170":1,"171":0,"172":0,"173":0,"174":0,"175":0,"176":1,"177":0,"178":0,"179":0,"180":0,"181":0,"182":1,"183":0,"184":0,"185":0,"186":0,"187":0,"188":0,"189":0,"190":0,"191":0,"192":0,"193":0,"194":0,"195":0,"196":0,"197":0,"198":0,"199":0,"200":0,"201":0,"202":0,"203":0,"204":0,"205":0,"206":0,"207":0,"208":0,"209":0,"210":1,"211":0,"212":0,"213":0,"214":0,"215":0,"216":0,"217":0,"218":0,"219":0,"220":1,"221":0,"222":0,"223":0,"224":0,"225":0,"226":0,"227":0,"228":0,"229":0,"230":0,"231":0,"232":1,"233":0,"234":0,"235":0,"236":0,"237":0,"238":0,"239":0,"240":0,"241":0,"242":0,"243":0,"244":0,"245":0,"246":0,"247":0,"248":0,"249":0,"250":0,"251":0,"252":0,"253":0,"254":0,"255":0,"256":0,"257":0,"258":0,"259":0,"260":0,"261":0,"262":0,"263":0,"264":0,"265":0,"266":0,"267":1,"268":0,"269":0,"270":0,"271":0,"272":0,"273":0,"274":0,"275":0,"276":0,"277":0,"278":0,"279":0,"280":0,"281":0,"282":0,"283":0,"284":0,"285":0,"286":0,"287":0,"288":0,"289":0,"290":0,"291":1,"292":0,"293":0,"294":0,"295":0,"296":0,"297":0,"298":1,"299":0,"300":0,"301":0,"302":0,"303":1,"304":0,"305":0,"306":0,"307":0,"308":0,"309":0,"310":0,"311":0,"312":0,"313":0,"314":0,"315":0,"316":0,"317":1,"318":0,"319":0,"320":0,"321":0,"322":0,"323":0,"324":0,"325":0,"326":0,"327":0,"328":0,"329":0,"330":0,"331":0,"332":0,"333":0,"334":0,"335":0,"336":0,"337":0,"338":0,"339":0,"340":0,"341":0,"342":0,"343":0,"344":0,"345":0,"346":0,"347":0,"348":0,"349":0,"350":0,"351":0,"352":0,"353":0,"354":0,"355":0,"356":0,"357":0,"358":0,"359":0,"360":0,"361":0,"362":0,"363":0,"364":0,"365":0,"366":0,"367":0,"368":0,"369":0,"370":0,"371":0,"372":0,"373":1,"374":0,"375":0,"376":0,"377":0,"378":0,"379":0,"380":0,"381":0,"382":0,"383":0,"384":0,"385":0,"386":1,"387":0,"388":0,"389":1,"390":0,"391":0,"392":1,"393":0,"394":0,"395":0,"396":0,"397":0,"398":0,"399":1,"400":0,"401":0,"402":0,"403":0,"404":0,"405":0,"406":0,"407":0,"408":0,"409":0,"410":0,"411":0,"412":0,"413":0,"414":0,"415":0,"416":0,"417":0,"418":0,"419":0,"420":0,"421":0,"422":0,"423":0,"424":0,"425":0,"426":0,"427":0,"428":1,"429":0,"430":0,"431":0,"432":0,"433":0,"434":0,"435":0,"436":0,"437":0,"438":0,"439":0,"440":0,"441":0,"442":0,"443":1,"444":0,"445":0,"446":0,"447":0,"448":0,"449":0,"450":0,"451":0,"452":0,"453":0,"454":0,"455":0,"456":0,"457":0,"458":0,"459":0,"460":0,"461":0,"462":0,"463":1,"464":0,"465":0,"466":0,"467":0,"468":0,"469":0,"470":0,"471":0,"472":0,"473":0,"474":0,"475":0,"476":0,"477":0,"478":0,"479":0,"480":1,"481":0,"482":0,"483":0,"484":0,"485":0,"486":0,"487":0,"488":0,"489":0,"490":0,"491":0,"492":0,"493":0,"494":0,"495":0,"496":0,"497":0,"498":0,"499":0,"500":0,"501":0,"502":0,"503":0,"504":0,"505":0,"506":0,"507":0,"508":0,"509":0,"510":0,"511":0,"512":0,"513":0,"514":0,"515":0,"516":0,"517":0,"518":0,"519":0,"520":0,"521":0,"522":0,"523":0,"524":0,"525":0,"526":0,"527":0,"528":0,"529":0,"530":0,"531":0,"532":0,"533":0,"534":0,"535":0,"536":0,"537":0,"538":0,"539":0,"540":0,"541":0,"542":0,"543":0,"544":0,"545":0,"546":0,"547":0,"548":0,"549":0,"550":0,"551":1,"552":0,"553":0,"554":0,"555":0,"556":0,"557":0,"558":0,"559":0,"560":1,"561":0,"562":0,"563":1,"564":0,"565":0,"566":0,"567":0,"568":1,"569":0,"570":0,"571":1,"572":0,"573":1,"574":0,"575":1,"576":0,"577":1,"578":0,"579":1,"580":0,"581":1,"582":0,"583":1,"584":0,"585":1,"586":0,"587":1,"588":0,"589":1,"590":0,"591":1,"592":1,"593":1,"594":1,"595":1,"596":1,"597":1,"598":1,"599":1,"600":1,"601":1},"b":{"1":[0,1],"2":[0,0],"3":[0,0],"4":[0,0],"5":[0,0],"6":[0,0,0,0],"7":[0,0],"8":[0,0],"9":[0,0],"10":[0,0],"11":[0,0,0],"12":[0,0],"13":[0,0],"14":[0,0],"15":[0,0],"16":[0,0],"17":[0,0],"18":[0,0],"19":[0,0],"20":[0,0],"21":[0,0],"22":[0,0],"23":[0,0],"24":[0,0],"25":[0,0],"26":[0,0],"27":[0,0],"28":[0,0],"29":[0,0],"30":[0,0],"31":[0,0],"32":[0,0,0,0,0,0],"33":[0,0],"34":[0,0],"35":[0,0],"36":[0,0],"37":[0,0],"38":[0,0],"39":[0,0],"40":[0,0],"41":[0,0],"42":[0,0],"43":[0,0],"44":[0,0],"45":[0,0],"46":[0,0],"47":[0,0],"48":[0,0],"49":[0,0],"50":[0,0],"51":[0,0],"52":[0,0],"53":[0,0],"54":[0,0],"55":[0,0],"56":[0,0],"57":[0,0],"58":[0,0],"59":[0,0],"60":[0,0],"61":[0,0],"62":[0,0],"63":[0,0],"64":[0,0],"65":[0,0],"66":[0,0],"67":[0,0],"68":[0,0],"69":[0,0],"70":[0,0],"71":[0,0],"72":[0,0],"73":[0,0],"74":[0,0],"75":[0,0],"76":[0,0],"77":[0,0],"78":[0,0],"79":[0,0],"80":[0,0],"81":[0,0],"82":[0,0],"83":[0,0],"84":[0,0],"85":[0,0],"86":[0,0],"87":[0,0,0],"88":[0,0],"89":[0,0],"90":[0,0],"91":[0,0],"92":[0,0],"93":[0,0],"94":[0,0],"95":[0,0],"96":[0,0],"97":[0,0],"98":[0,0],"99":[0,0],"100":[0,0],"101":[0,0],"102":[0,0],"103":[0,0],"104":[0,0,0],"105":[0,0],"106":[0,0],"107":[0,0],"108":[0,0],"109":[0,0],"110":[0,0],"111":[0,0],"112":[0,0,0,0,0],"113":[0,0],"114":[0,0],"115":[0,0],"116":[0,0],"117":[0,0],"118":[0,0],"119":[0,0],"120":[0,0],"121":[0,0],"122":[0,0],"123":[0,0],"124":[0,0],"125":[0,0],"126":[0,0],"127":[0,0],"128":[0,0],"129":[0,0],"130":[0,0],"131":[0,0],"132":[0,0],"133":[0,0],"134":[0,0],"135":[0,0],"136":[0,0],"137":[0,0],"138":[0,0],"139":[0,0],"140":[0,0],"141":[0,0],"142":[0,0],"143":[0,0],"144":[0,0],"145":[0,0],"146":[0,0],"147":[0,0],"148":[0,0],"149":[0,0],"150":[0,0],"151":[0,0],"152":[0,0],"153":[0,0],"154":[0,0],"155":[0,0],"156":[0,0],"157":[0,0],"158":[0,0],"159":[0,0],"160":[0,0],"161":[0,0]},"f":{"1":0,"2":0,"3":0,"4":0,"5":0,"6":0,"7":0,"8":0,"9":0,"10":0,"11":0,"12":0,"13":0,"14":0,"15":0,"16":0,"17":0,"18":0,"19":0,"20":0,"21":0,"22":0,"23":0,"24":0,"25":0,"26":0,"27":0,"28":0,"29":0,"30":0,"31":0,"32":0,"33":0,"34":0,"35":0,"36":0,"37":0,"38":0,"39":0,"40":0,"41":0,"42":0,"43":0,"44":0,"45":0,"46":0,"47":0,"48":0,"49":0,"50":0,"51":0,"52":0,"53":0,"54":0,"55":0,"56":0,"57":0,"58":0,"59":0,"60":0},"fnMap":{"1":{"name":"noop","line":27,"loc":{"start":{"line":27,"column":0},"end":{"line":27,"column":17}}},"2":{"name":"handle_detect_buffers_reply","line":29,"loc":{"start":{"line":29,"column":0},"end":{"line":29,"column":67}}},"3":{"name":"RedisClient","line":46,"loc":{"start":{"line":46,"column":0},"end":{"line":46,"column":39}}},"4":{"name":"(anonymous_4)","line":161,"loc":{"start":{"line":161,"column":27},"end":{"line":161,"column":44}}},"5":{"name":"create_parser","line":189,"loc":{"start":{"line":189,"column":0},"end":{"line":189,"column":30}}},"6":{"name":"(anonymous_6)","line":191,"loc":{"start":{"line":191,"column":21},"end":{"line":191,"column":37}}},"7":{"name":"(anonymous_7)","line":194,"loc":{"start":{"line":194,"column":21},"end":{"line":194,"column":36}}},"8":{"name":"(anonymous_8)","line":198,"loc":{"start":{"line":198,"column":26},"end":{"line":198,"column":41}}},"9":{"name":"(anonymous_9)","line":228,"loc":{"start":{"line":228,"column":38},"end":{"line":228,"column":50}}},"10":{"name":"(anonymous_10)","line":256,"loc":{"start":{"line":256,"column":53},"end":{"line":256,"column":65}}},"11":{"name":"(anonymous_11)","line":265,"loc":{"start":{"line":265,"column":36},"end":{"line":265,"column":48}}},"12":{"name":"(anonymous_12)","line":271,"loc":{"start":{"line":271,"column":27},"end":{"line":271,"column":57}}},"13":{"name":"(anonymous_13)","line":278,"loc":{"start":{"line":278,"column":28},"end":{"line":278,"column":43}}},"14":{"name":"(anonymous_14)","line":283,"loc":{"start":{"line":283,"column":34},"end":{"line":283,"column":49}},"skip":true},"15":{"name":"(anonymous_15)","line":288,"loc":{"start":{"line":288,"column":30},"end":{"line":288,"column":50}}},"16":{"name":"(anonymous_16)","line":292,"loc":{"start":{"line":292,"column":28},"end":{"line":292,"column":40}}},"17":{"name":"(anonymous_17)","line":296,"loc":{"start":{"line":296,"column":28},"end":{"line":296,"column":40}}},"18":{"name":"(anonymous_18)","line":312,"loc":{"start":{"line":312,"column":37},"end":{"line":312,"column":63}}},"19":{"name":"(anonymous_19)","line":322,"loc":{"start":{"line":322,"column":46},"end":{"line":322,"column":58}}},"20":{"name":"(anonymous_20)","line":330,"loc":{"start":{"line":330,"column":29},"end":{"line":330,"column":44}}},"21":{"name":"(anonymous_21)","line":334,"loc":{"start":{"line":334,"column":21},"end":{"line":334,"column":33}}},"22":{"name":"(anonymous_22)","line":344,"loc":{"start":{"line":344,"column":40},"end":{"line":344,"column":77}}},"23":{"name":"(anonymous_23)","line":389,"loc":{"start":{"line":389,"column":33},"end":{"line":389,"column":48}}},"24":{"name":"(anonymous_24)","line":408,"loc":{"start":{"line":408,"column":35},"end":{"line":408,"column":47}}},"25":{"name":"(anonymous_25)","line":427,"loc":{"start":{"line":427,"column":33},"end":{"line":427,"column":45}}},"26":{"name":"(anonymous_26)","line":433,"loc":{"start":{"line":433,"column":16},"end":{"line":433,"column":28}}},"27":{"name":"(anonymous_27)","line":439,"loc":{"start":{"line":439,"column":18},"end":{"line":439,"column":30}}},"28":{"name":"(anonymous_28)","line":465,"loc":{"start":{"line":465,"column":23},"end":{"line":465,"column":35}}},"29":{"name":"(anonymous_29)","line":484,"loc":{"start":{"line":484,"column":36},"end":{"line":484,"column":56}}},"30":{"name":"(anonymous_30)","line":519,"loc":{"start":{"line":519,"column":15},"end":{"line":519,"column":31}}},"31":{"name":"(anonymous_31)","line":524,"loc":{"start":{"line":524,"column":36},"end":{"line":524,"column":48}}},"32":{"name":"(anonymous_32)","line":529,"loc":{"start":{"line":529,"column":14},"end":{"line":529,"column":34}}},"33":{"name":"(anonymous_33)","line":535,"loc":{"start":{"line":535,"column":43},"end":{"line":535,"column":55}}},"34":{"name":"(anonymous_34)","line":543,"loc":{"start":{"line":543,"column":23},"end":{"line":543,"column":46}}},"35":{"name":"(anonymous_35)","line":567,"loc":{"start":{"line":567,"column":40},"end":{"line":567,"column":62}}},"36":{"name":"(anonymous_36)","line":680,"loc":{"start":{"line":680,"column":37},"end":{"line":680,"column":52}}},"37":{"name":"(anonymous_37)","line":704,"loc":{"start":{"line":704,"column":30},"end":{"line":704,"column":42}}},"38":{"name":"(anonymous_38)","line":709,"loc":{"start":{"line":709,"column":34},"end":{"line":709,"column":46}}},"39":{"name":"normal_reply","line":715,"loc":{"start":{"line":715,"column":0},"end":{"line":715,"column":36}}},"40":{"name":"subscribe_unsubscribe","line":727,"loc":{"start":{"line":727,"column":0},"end":{"line":727,"column":51}}},"41":{"name":"return_pub_sub","line":777,"loc":{"start":{"line":777,"column":0},"end":{"line":777,"column":38}}},"42":{"name":"(anonymous_42)","line":800,"loc":{"start":{"line":800,"column":37},"end":{"line":800,"column":54}}},"43":{"name":"(anonymous_43)","line":811,"loc":{"start":{"line":811,"column":86},"end":{"line":811,"column":102}}},"44":{"name":"handle_offline_command","line":832,"loc":{"start":{"line":832,"column":0},"end":{"line":832,"column":52}}},"45":{"name":"(anonymous_45)","line":864,"loc":{"start":{"line":864,"column":46},"end":{"line":864,"column":69}}},"46":{"name":"(anonymous_46)","line":988,"loc":{"start":{"line":988,"column":38},"end":{"line":988,"column":50}}},"47":{"name":"(anonymous_47)","line":1003,"loc":{"start":{"line":1003,"column":38},"end":{"line":1003,"column":50}}},"48":{"name":"(anonymous_48)","line":1009,"loc":{"start":{"line":1009,"column":30},"end":{"line":1009,"column":46}}},"49":{"name":"(anonymous_49)","line":1018,"loc":{"start":{"line":1018,"column":9},"end":{"line":1018,"column":21}}},"50":{"name":"(anonymous_50)","line":1021,"loc":{"start":{"line":1021,"column":9},"end":{"line":1021,"column":24}}},"51":{"name":"(anonymous_51)","line":1028,"loc":{"start":{"line":1028,"column":9},"end":{"line":1028,"column":21}}},"52":{"name":"(anonymous_52)","line":1034,"loc":{"start":{"line":1034,"column":9},"end":{"line":1034,"column":21}}},"53":{"name":"(anonymous_53)","line":1042,"loc":{"start":{"line":1042,"column":9},"end":{"line":1042,"column":21}}},"54":{"name":"(anonymous_54)","line":1048,"loc":{"start":{"line":1048,"column":9},"end":{"line":1048,"column":21}}},"55":{"name":"(anonymous_55)","line":1054,"loc":{"start":{"line":1054,"column":9},"end":{"line":1054,"column":21}}},"56":{"name":"(anonymous_56)","line":1060,"loc":{"start":{"line":1060,"column":9},"end":{"line":1060,"column":21}}},"57":{"name":"(anonymous_57)","line":1066,"loc":{"start":{"line":1066,"column":9},"end":{"line":1066,"column":21}}},"58":{"name":"(anonymous_58)","line":1072,"loc":{"start":{"line":1072,"column":9},"end":{"line":1072,"column":21}}},"59":{"name":"(anonymous_59)","line":1078,"loc":{"start":{"line":1078,"column":9},"end":{"line":1078,"column":21}}},"60":{"name":"(anonymous_60)","line":1083,"loc":{"start":{"line":1083,"column":23},"end":{"line":1083,"column":35}}}},"statementMap":{"1":{"start":{"line":3,"column":0},"end":{"line":3,"column":25}},"2":{"start":{"line":4,"column":0},"end":{"line":4,"column":25}},"3":{"start":{"line":5,"column":0},"end":{"line":5,"column":27}},"4":{"start":{"line":6,"column":0},"end":{"line":6,"column":35}},"5":{"start":{"line":7,"column":0},"end":{"line":7,"column":39}},"6":{"start":{"line":8,"column":0},"end":{"line":8,"column":42}},"7":{"start":{"line":9,"column":0},"end":{"line":9,"column":49}},"8":{"start":{"line":10,"column":0},"end":{"line":10,"column":37}},"9":{"start":{"line":11,"column":0},"end":{"line":11,"column":37}},"10":{"start":{"line":12,"column":0},"end":{"line":12,"column":41}},"11":{"start":{"line":13,"column":0},"end":{"line":13,"column":35}},"12":{"start":{"line":14,"column":0},"end":{"line":14,"column":49}},"13":{"start":{"line":15,"column":0},"end":{"line":20,"column":2}},"14":{"start":{"line":23,"column":0},"end":{"line":25,"column":1}},"15":{"start":{"line":24,"column":4},"end":{"line":24,"column":45}},"16":{"start":{"line":27,"column":0},"end":{"line":27,"column":19}},"17":{"start":{"line":29,"column":0},"end":{"line":40,"column":1}},"18":{"start":{"line":30,"column":4},"end":{"line":34,"column":5}},"19":{"start":{"line":33,"column":8},"end":{"line":33,"column":46}},"20":{"start":{"line":36,"column":4},"end":{"line":38,"column":5}},"21":{"start":{"line":37,"column":8},"end":{"line":37,"column":45}},"22":{"start":{"line":39,"column":4},"end":{"line":39,"column":17}},"23":{"start":{"line":42,"column":0},"end":{"line":42,"column":63}},"24":{"start":{"line":46,"column":0},"end":{"line":184,"column":1}},"25":{"start":{"line":48,"column":4},"end":{"line":48,"column":35}},"26":{"start":{"line":49,"column":4},"end":{"line":49,"column":28}},"27":{"start":{"line":50,"column":4},"end":{"line":50,"column":25}},"28":{"start":{"line":51,"column":4},"end":{"line":51,"column":20}},"29":{"start":{"line":53,"column":4},"end":{"line":59,"column":5},"skip":true},"30":{"start":{"line":54,"column":8},"end":{"line":54,"column":58},"skip":true},"31":{"start":{"line":56,"column":8},"end":{"line":58,"column":9},"skip":true},"32":{"start":{"line":57,"column":12},"end":{"line":57,"column":58},"skip":true},"33":{"start":{"line":60,"column":4},"end":{"line":73,"column":5}},"34":{"start":{"line":63,"column":8},"end":{"line":63,"column":32}},"35":{"start":{"line":64,"column":8},"end":{"line":64,"column":42}},"36":{"start":{"line":65,"column":11},"end":{"line":73,"column":5}},"37":{"start":{"line":66,"column":8},"end":{"line":66,"column":40}},"38":{"start":{"line":67,"column":8},"end":{"line":67,"column":36}},"39":{"start":{"line":69,"column":8},"end":{"line":69,"column":49}},"40":{"start":{"line":70,"column":8},"end":{"line":70,"column":55}},"41":{"start":{"line":71,"column":8},"end":{"line":71,"column":116}},"42":{"start":{"line":72,"column":8},"end":{"line":72,"column":65}},"43":{"start":{"line":75,"column":4},"end":{"line":86,"column":5}},"44":{"start":{"line":76,"column":8},"end":{"line":80,"column":9}},"45":{"start":{"line":77,"column":12},"end":{"line":77,"column":157}},"46":{"start":{"line":79,"column":12},"end":{"line":79,"column":40}},"47":{"start":{"line":81,"column":8},"end":{"line":85,"column":9}},"48":{"start":{"line":82,"column":12},"end":{"line":82,"column":163}},"49":{"start":{"line":84,"column":12},"end":{"line":84,"column":43}},"50":{"start":{"line":88,"column":4},"end":{"line":88,"column":42}},"51":{"start":{"line":89,"column":4},"end":{"line":89,"column":53}},"52":{"start":{"line":90,"column":4},"end":{"line":90,"column":27}},"53":{"start":{"line":91,"column":4},"end":{"line":91,"column":23}},"54":{"start":{"line":92,"column":4},"end":{"line":100,"column":5}},"55":{"start":{"line":93,"column":8},"end":{"line":93,"column":38}},"56":{"start":{"line":94,"column":11},"end":{"line":100,"column":5}},"57":{"start":{"line":95,"column":8},"end":{"line":99,"column":10}},"58":{"start":{"line":101,"column":4},"end":{"line":103,"column":5}},"59":{"start":{"line":102,"column":8},"end":{"line":102,"column":40}},"60":{"start":{"line":104,"column":4},"end":{"line":106,"column":5}},"61":{"start":{"line":105,"column":8},"end":{"line":105,"column":90}},"62":{"start":{"line":107,"column":4},"end":{"line":107,"column":54}},"63":{"start":{"line":108,"column":4},"end":{"line":108,"column":54}},"64":{"start":{"line":110,"column":4},"end":{"line":113,"column":5}},"65":{"start":{"line":111,"column":8},"end":{"line":111,"column":145}},"66":{"start":{"line":112,"column":8},"end":{"line":112,"column":39}},"67":{"start":{"line":114,"column":4},"end":{"line":117,"column":5}},"68":{"start":{"line":116,"column":8},"end":{"line":116,"column":56}},"69":{"start":{"line":118,"column":4},"end":{"line":118,"column":31}},"70":{"start":{"line":119,"column":4},"end":{"line":119,"column":49}},"71":{"start":{"line":120,"column":4},"end":{"line":126,"column":5}},"72":{"start":{"line":121,"column":8},"end":{"line":125,"column":10}},"73":{"start":{"line":127,"column":4},"end":{"line":127,"column":37}},"74":{"start":{"line":128,"column":4},"end":{"line":128,"column":37}},"75":{"start":{"line":129,"column":4},"end":{"line":129,"column":38}},"76":{"start":{"line":132,"column":4},"end":{"line":132,"column":63}},"77":{"start":{"line":133,"column":4},"end":{"line":133,"column":86}},"78":{"start":{"line":134,"column":4},"end":{"line":134,"column":60}},"79":{"start":{"line":135,"column":4},"end":{"line":141,"column":5}},"80":{"start":{"line":136,"column":8},"end":{"line":140,"column":10}},"81":{"start":{"line":142,"column":4},"end":{"line":142,"column":33}},"82":{"start":{"line":143,"column":4},"end":{"line":143,"column":26}},"83":{"start":{"line":144,"column":4},"end":{"line":144,"column":31}},"84":{"start":{"line":145,"column":4},"end":{"line":145,"column":28}},"85":{"start":{"line":146,"column":4},"end":{"line":146,"column":33}},"86":{"start":{"line":147,"column":4},"end":{"line":147,"column":25}},"87":{"start":{"line":148,"column":4},"end":{"line":148,"column":26}},"88":{"start":{"line":149,"column":4},"end":{"line":149,"column":59}},"89":{"start":{"line":150,"column":4},"end":{"line":150,"column":34}},"90":{"start":{"line":151,"column":4},"end":{"line":151,"column":26}},"91":{"start":{"line":152,"column":4},"end":{"line":152,"column":29}},"92":{"start":{"line":153,"column":4},"end":{"line":153,"column":26}},"93":{"start":{"line":154,"column":4},"end":{"line":154,"column":31}},"94":{"start":{"line":155,"column":4},"end":{"line":155,"column":29}},"95":{"start":{"line":156,"column":4},"end":{"line":156,"column":68}},"96":{"start":{"line":157,"column":4},"end":{"line":157,"column":27}},"97":{"start":{"line":158,"column":4},"end":{"line":158,"column":22}},"98":{"start":{"line":159,"column":4},"end":{"line":159,"column":25}},"99":{"start":{"line":161,"column":4},"end":{"line":183,"column":7}},"100":{"start":{"line":162,"column":8},"end":{"line":182,"column":9}},"101":{"start":{"line":163,"column":12},"end":{"line":166,"column":14}},"102":{"start":{"line":167,"column":15},"end":{"line":182,"column":9}},"103":{"start":{"line":168,"column":12},"end":{"line":171,"column":14}},"104":{"start":{"line":172,"column":15},"end":{"line":182,"column":9}},"105":{"start":{"line":173,"column":12},"end":{"line":178,"column":13}},"106":{"start":{"line":174,"column":16},"end":{"line":177,"column":18}},"107":{"start":{"line":179,"column":12},"end":{"line":179,"column":57}},"108":{"start":{"line":180,"column":12},"end":{"line":180,"column":40}},"109":{"start":{"line":181,"column":12},"end":{"line":181,"column":60}},"110":{"start":{"line":185,"column":0},"end":{"line":185,"column":41}},"111":{"start":{"line":187,"column":0},"end":{"line":187,"column":30}},"112":{"start":{"line":189,"column":0},"end":{"line":217,"column":1}},"113":{"start":{"line":190,"column":4},"end":{"line":216,"column":7}},"114":{"start":{"line":192,"column":12},"end":{"line":192,"column":36}},"115":{"start":{"line":196,"column":12},"end":{"line":196,"column":35}},"116":{"start":{"line":201,"column":12},"end":{"line":201,"column":51}},"117":{"start":{"line":202,"column":12},"end":{"line":202,"column":31}},"118":{"start":{"line":203,"column":12},"end":{"line":209,"column":15}},"119":{"start":{"line":210,"column":12},"end":{"line":210,"column":36}},"120":{"start":{"line":211,"column":12},"end":{"line":211,"column":33}},"121":{"start":{"line":228,"column":0},"end":{"line":310,"column":2}},"122":{"start":{"line":229,"column":4},"end":{"line":229,"column":20}},"123":{"start":{"line":232,"column":4},"end":{"line":232,"column":44}},"124":{"start":{"line":234,"column":4},"end":{"line":253,"column":5}},"125":{"start":{"line":236,"column":8},"end":{"line":238,"column":9}},"126":{"start":{"line":237,"column":12},"end":{"line":237,"column":19}},"127":{"start":{"line":239,"column":8},"end":{"line":239,"column":42}},"128":{"start":{"line":242,"column":8},"end":{"line":245,"column":9}},"129":{"start":{"line":243,"column":12},"end":{"line":243,"column":45}},"130":{"start":{"line":244,"column":12},"end":{"line":244,"column":34}},"131":{"start":{"line":248,"column":8},"end":{"line":252,"column":9}},"132":{"start":{"line":249,"column":12},"end":{"line":249,"column":63},"skip":true},"133":{"start":{"line":251,"column":12},"end":{"line":251,"column":72}},"134":{"start":{"line":255,"column":4},"end":{"line":261,"column":5}},"135":{"start":{"line":256,"column":8},"end":{"line":260,"column":11}},"136":{"start":{"line":258,"column":12},"end":{"line":258,"column":56}},"137":{"start":{"line":259,"column":12},"end":{"line":259,"column":44}},"138":{"start":{"line":264,"column":4},"end":{"line":264,"column":71},"skip":true},"139":{"start":{"line":265,"column":4},"end":{"line":269,"column":7}},"140":{"start":{"line":266,"column":8},"end":{"line":266,"column":43}},"141":{"start":{"line":267,"column":8},"end":{"line":267,"column":31}},"142":{"start":{"line":268,"column":8},"end":{"line":268,"column":26}},"143":{"start":{"line":271,"column":4},"end":{"line":276,"column":7}},"144":{"start":{"line":273,"column":8},"end":{"line":273,"column":72}},"145":{"start":{"line":274,"column":8},"end":{"line":274,"column":54}},"146":{"start":{"line":275,"column":8},"end":{"line":275,"column":25}},"147":{"start":{"line":278,"column":4},"end":{"line":280,"column":7}},"148":{"start":{"line":279,"column":8},"end":{"line":279,"column":27}},"149":{"start":{"line":283,"column":4},"end":{"line":286,"column":7},"skip":true},"150":{"start":{"line":284,"column":8},"end":{"line":284,"column":37},"skip":true},"151":{"start":{"line":285,"column":8},"end":{"line":285,"column":27},"skip":true},"152":{"start":{"line":288,"column":4},"end":{"line":290,"column":7}},"153":{"start":{"line":289,"column":8},"end":{"line":289,"column":38}},"154":{"start":{"line":292,"column":4},"end":{"line":294,"column":7}},"155":{"start":{"line":293,"column":8},"end":{"line":293,"column":36}},"156":{"start":{"line":296,"column":4},"end":{"line":298,"column":7}},"157":{"start":{"line":297,"column":8},"end":{"line":297,"column":21}},"158":{"start":{"line":300,"column":4},"end":{"line":302,"column":5}},"159":{"start":{"line":301,"column":8},"end":{"line":301,"column":33}},"160":{"start":{"line":305,"column":4},"end":{"line":309,"column":5}},"161":{"start":{"line":306,"column":8},"end":{"line":306,"column":26}},"162":{"start":{"line":307,"column":8},"end":{"line":307,"column":34}},"163":{"start":{"line":308,"column":8},"end":{"line":308,"column":27}},"164":{"start":{"line":312,"column":0},"end":{"line":317,"column":2}},"165":{"start":{"line":313,"column":4},"end":{"line":315,"column":5}},"166":{"start":{"line":314,"column":8},"end":{"line":314,"column":45}},"167":{"start":{"line":316,"column":4},"end":{"line":316,"column":17}},"168":{"start":{"line":319,"column":0},"end":{"line":319,"column":34}},"169":{"start":{"line":320,"column":0},"end":{"line":320,"column":36}},"170":{"start":{"line":322,"column":0},"end":{"line":328,"column":2}},"171":{"start":{"line":323,"column":4},"end":{"line":323,"column":28}},"172":{"start":{"line":324,"column":4},"end":{"line":324,"column":29}},"173":{"start":{"line":325,"column":4},"end":{"line":325,"column":27}},"174":{"start":{"line":326,"column":4},"end":{"line":326,"column":29}},"175":{"start":{"line":327,"column":4},"end":{"line":327,"column":22}},"176":{"start":{"line":330,"column":0},"end":{"line":341,"column":2}},"177":{"start":{"line":331,"column":4},"end":{"line":331,"column":20}},"178":{"start":{"line":334,"column":4},"end":{"line":340,"column":7}},"179":{"start":{"line":335,"column":8},"end":{"line":339,"column":9}},"180":{"start":{"line":336,"column":12},"end":{"line":336,"column":38}},"181":{"start":{"line":338,"column":12},"end":{"line":338,"column":45}},"182":{"start":{"line":344,"column":0},"end":{"line":387,"column":2}},"183":{"start":{"line":345,"column":4},"end":{"line":345,"column":28}},"184":{"start":{"line":346,"column":4},"end":{"line":346,"column":31}},"185":{"start":{"line":347,"column":4},"end":{"line":347,"column":75}},"186":{"start":{"line":348,"column":4},"end":{"line":374,"column":5}},"187":{"start":{"line":350,"column":8},"end":{"line":354,"column":9}},"188":{"start":{"line":351,"column":12},"end":{"line":351,"column":73}},"189":{"start":{"line":353,"column":12},"end":{"line":353,"column":110}},"190":{"start":{"line":356,"column":8},"end":{"line":373,"column":9}},"191":{"start":{"line":357,"column":12},"end":{"line":357,"column":68}},"192":{"start":{"line":358,"column":12},"end":{"line":360,"column":13}},"193":{"start":{"line":359,"column":16},"end":{"line":359,"column":93}},"194":{"start":{"line":361,"column":12},"end":{"line":361,"column":60}},"195":{"start":{"line":362,"column":12},"end":{"line":364,"column":13}},"196":{"start":{"line":363,"column":16},"end":{"line":363,"column":44}},"197":{"start":{"line":365,"column":12},"end":{"line":367,"column":13}},"198":{"start":{"line":366,"column":16},"end":{"line":366,"column":43}},"199":{"start":{"line":368,"column":12},"end":{"line":372,"column":13}},"200":{"start":{"line":369,"column":16},"end":{"line":369,"column":42}},"201":{"start":{"line":371,"column":16},"end":{"line":371,"column":44}},"202":{"start":{"line":376,"column":4},"end":{"line":386,"column":5}},"203":{"start":{"line":377,"column":8},"end":{"line":377,"column":18}},"204":{"start":{"line":378,"column":8},"end":{"line":384,"column":9}},"205":{"start":{"line":379,"column":12},"end":{"line":379,"column":41}},"206":{"start":{"line":381,"column":12},"end":{"line":381,"column":113}},"207":{"start":{"line":382,"column":12},"end":{"line":382,"column":70}},"208":{"start":{"line":383,"column":12},"end":{"line":383,"column":45}},"209":{"start":{"line":385,"column":8},"end":{"line":385,"column":34}},"210":{"start":{"line":389,"column":0},"end":{"line":406,"column":2}},"211":{"start":{"line":390,"column":4},"end":{"line":392,"column":5}},"212":{"start":{"line":391,"column":8},"end":{"line":391,"column":15}},"213":{"start":{"line":394,"column":4},"end":{"line":394,"column":85}},"214":{"start":{"line":395,"column":4},"end":{"line":395,"column":23}},"215":{"start":{"line":396,"column":4},"end":{"line":396,"column":27}},"216":{"start":{"line":397,"column":4},"end":{"line":397,"column":23}},"217":{"start":{"line":400,"column":4},"end":{"line":402,"column":5}},"218":{"start":{"line":401,"column":8},"end":{"line":401,"column":32}},"219":{"start":{"line":405,"column":4},"end":{"line":405,"column":39}},"220":{"start":{"line":408,"column":0},"end":{"line":425,"column":2}},"221":{"start":{"line":409,"column":4},"end":{"line":409,"column":76}},"222":{"start":{"line":411,"column":4},"end":{"line":411,"column":26}},"223":{"start":{"line":412,"column":4},"end":{"line":412,"column":23}},"224":{"start":{"line":413,"column":4},"end":{"line":413,"column":29}},"225":{"start":{"line":414,"column":4},"end":{"line":414,"column":60}},"226":{"start":{"line":415,"column":4},"end":{"line":415,"column":30}},"227":{"start":{"line":417,"column":4},"end":{"line":417,"column":25}},"228":{"start":{"line":418,"column":4},"end":{"line":418,"column":33}},"229":{"start":{"line":420,"column":4},"end":{"line":424,"column":5}},"230":{"start":{"line":421,"column":8},"end":{"line":421,"column":24}},"231":{"start":{"line":423,"column":8},"end":{"line":423,"column":27}},"232":{"start":{"line":427,"column":0},"end":{"line":482,"column":2}},"233":{"start":{"line":428,"column":4},"end":{"line":428,"column":20}},"234":{"start":{"line":430,"column":4},"end":{"line":430,"column":75}},"235":{"start":{"line":431,"column":4},"end":{"line":431,"column":22}},"236":{"start":{"line":433,"column":4},"end":{"line":438,"column":6}},"237":{"start":{"line":434,"column":8},"end":{"line":434,"column":29}},"238":{"start":{"line":435,"column":8},"end":{"line":437,"column":9}},"239":{"start":{"line":436,"column":12},"end":{"line":436,"column":31}},"240":{"start":{"line":439,"column":4},"end":{"line":451,"column"
[...]
olumn":4},"end":{"line":50,"column":4}},{"start":{"line":50,"column":4},"end":{"line":50,"column":4}}]},"16":{"line":55,"type":"if","locations":[{"start":{"line":55,"column":11},"end":{"line":55,"column":11}},{"start":{"line":55,"column":11},"end":{"line":55,"column":11}}]},"17":{"line":62,"type":"if","locations":[{"start":{"line":62,"column":4},"end":{"line":62,"column":4}},{"start":{"line":62,"column":4},"end":{"line":62,"column":4}}]},"18":{"line":75,"type":"if","locations":[{"start":{"line":75,"column":4},"end":{"line":75,"column":4}},{"start":{"line":75,"column":4},"end":{"line":75,"column":4}}]},"19":{"line":87,"type":"if","locations":[{"start":{"line":87,"column":4},"end":{"line":87,"column":4}},{"start":{"line":87,"column":4},"end":{"line":87,"column":4}}]},"20":{"line":98,"type":"if","locations":[{"start":{"line":98,"column":4},"end":{"line":98,"column":4}},{"start":{"line":98,"column":4},"end":{"line":98,"column":4}}]}},"code":["'use strict';","","var utils = require('./utils');","var debug = require('./debug');","var RedisClient = require('../').RedisClient;","var Command = require('./command');","var noop = function () {};","","/**********************************************","All documented and exposed API belongs in here","**********************************************/","","// Redirect calls to the appropriate function and use to send arbitrary / not supported commands","RedisClient.prototype.send_command = RedisClient.prototype.sendCommand = function (command, args, callback) {","    // Throw to fail early instead of relying in order in this case","    if (typeof command !== 'string') {","        throw new TypeError('Wrong input type \"' + (command !== null && command !== undefined ? command.constructor.name : command) + '\" for command name');","    }","    if (!Array.isArray(args)) {","        if (args === undefined || args === null) {","            args = [];","        } else if (typeof args === 'function' && callback === undefined) {","            callback = args;","            args = [];","        } else {","            throw new TypeError('Wrong input type \"' + args.constructor.name + '\" for args');","        }","    }","    if (typeof callback !== 'function' && callback !== undefined) {","        throw new TypeError('Wrong input type \"' + (callback !== null ? callback.constructor.name : 'null') + '\" for callback function');","    }","","    // Using the raw multi command is only possible with this function","    // If the command is not yet added to the client, the internal function should be called right away","    // Otherwise we need to redirect the calls to make sure the interal functions don't get skipped","    // The internal functions could actually be used for any non hooked function","    // but this might change from time to time and at the moment there's no good way to distinguishe them","    // from each other, so let's just do it do it this way for the time being","    if (command === 'multi' || typeof this[command] !== 'function') {","        return this.internal_send_command(new Command(command, args, callback));","    }","    if (typeof callback === 'function') {","        args = args.concat([callback]); // Prevent manipulating the input array","    }","    return this[command].apply(this, args);","};","","RedisClient.prototype.end = function (flush) {","    // Flush queue if wanted","    if (flush) {","        this.flush_and_error({","            message: 'Connection forcefully ended and command aborted.',","            code: 'NR_CLOSED'","        });","    } else if (arguments.length === 0) {","        this.warn(","            'Using .end() without the flush parameter is deprecated and throws from v.3.0.0 on.\\n' +","            'Please check the doku (https://github.com/NodeRedis/node_redis) and explictly use flush.'","        );","    }","    // Clear retry_timer","    if (this.retry_timer) {","        clearTimeout(this.retry_timer);","        this.retry_timer = null;","    }","    this.stream.removeAllListeners();","    this.stream.on('error', noop);","    this.connected = false;","    this.ready = false;","    this.closing = true;","    return this.stream.destroySoon();","};","","RedisClient.prototype.unref = function () {","    if (this.connected) {","        debug(\"Unref'ing the socket connection\");","        this.stream.unref();","    } else {","        debug('Not connected yet, will unref later');","        this.once('connect', function () {","            this.unref();","        });","    }","};","","RedisClient.prototype.duplicate = function (options, callback) {","    if (typeof options === 'function') {","        callback = options;","        options = null;","    }","    var existing_options = utils.clone(this.options);","    options = utils.clone(options);","    for (var elem in options) {","        existing_options[elem] = options[elem];","    }","    var client = new RedisClient(existing_options);","    client.selected_db = this.selected_db;","    if (typeof callback === 'function') {","        var ready_listener = function () {","            callback(null, client);","            client.removeAllListeners(error_listener);","        };","        var error_listener = function (err) {","            callback(err);","            client.end(true);","        };","        client.once('ready', ready_listener);","        client.once('error', error_listener);","        return;","    }","    return client;","};",""],"l":{"3":1,"4":1,"5":1,"6":1,"7":1,"14":1,"16":0,"17":0,"19":0,"20":0,"21":0,"22":0,"23":0,"24":0,"26":0,"29":0,"30":0,"39":0,"40":0,"42":0,"43":0,"45":0,"48":1,"50":0,"51":0,"55":0,"56":0,"62":0,"63":0,"64":0,"66":0,"67":0,"68":0,"69":0,"70":0,"71":0,"74":1,"75":0,"76":0,"77":0,"79":0,"80":0,"81":0,"86":1,"87":0,"88":0,"89":0,"91":0,"92":0,"93":0,"94":0,"96":0,"97":0,"98":0,"99":0,"100":0,"101":0,"103":0,"104":0,"105":0,"107":0,"108":0,"109":0,"111":0}},"/home/travis/build/npmtest/node-npmtest-redis/redis/lib/commands.js":{"path":"/home/travis/build/npmtest/node-npmtest-redis/redis/lib/commands.js","s":{"1":1,"2":1,"3":1,"4":1,"5":1,"6":1,"7":1,"8":1,"9":1,"10":0,"11":1,"12":179,"13":179,"14":167,"15":0,"16":0,"17":0,"18":0,"19":0,"20":0,"21":0,"22":0,"23":0,"24":0,"25":0,"26":0,"27":0,"28":0,"29":0,"30":0,"31":0,"32":0,"33":0,"34":0,"35":0,"36":0,"37":0,"38":167,"39":167,"40":179,"41":167,"42":0,"43":0,"44":0,"45":0,"46":0,"47":0,"48":0,"49":0,"50":0,"51":0,"52":0,"53":0,"54":0,"55":0,"56":0,"57":0,"58":0,"59":0,"60":0,"61":0,"62":0,"63":0,"64":0,"65":0,"66":167,"67":167},"b":{"1":[167,12],"2":[0,0],"3":[0,0],"4":[0,0],"5":[0,0],"6":[0,0],"7":[0,0],"8":[0,0,0],"9":[167,0],"10":[167,12],"11":[0,0],"12":[0,0],"13":[0,0],"14":[0,0],"15":[0,0],"16":[0,0],"17":[0,0,0],"18":[167,0]},"f":{"1":1,"2":0,"3":179,"4":0,"5":0},"fnMap":{"1":{"name":"(anonymous_1)","line":8,"loc":{"start":{"line":8,"column":26},"end":{"line":8,"column":38}}},"2":{"name":"abc","line":9,"loc":{"start":{"line":9,"column":13},"end":{"line":9,"column":29}}},"3":{"name":"(anonymous_3)","line":23,"loc":{"start":{"line":23,"column":22},"end":{"line":23,"column":41}}},"4":{"name":"(anonymous_4)","line":31,"loc":{"start":{"line":31,"column":88},"end":{"line":31,"column":100}}},"5":{"name":"(anonymous_5)","line":73,"loc":{"start":{"line":73,"column":76},"end":{"line":73,"column":88}}}},"statementMap":{"1":{"start":{"line":3,"column":0},"end":{"line":3,"column":41}},"2":{"start":{"line":4,"column":0},"end":{"line":4,"column":31}},"3":{"start":{"line":5,"column":0},"end":{"line":5,"column":45}},"4":{"start":{"line":6,"column":0},"end":{"line":6,"column":35}},"5":{"start":{"line":8,"column":0},"end":{"line":18,"column":5}},"6":{"start":{"line":9,"column":4},"end":{"line":9,"column":32}},"7":{"start":{"line":10,"column":4},"end":{"line":17,"column":5}},"8":{"start":{"line":11,"column":8},"end":{"line":13,"column":11}},"9":{"start":{"line":14,"column":8},"end":{"line":14,"column":20}},"10":{"start":{"line":16,"column":8},"end":{"line":16,"column":21}},"11":{"start":{"line":23,"column":0},"end":{"line":113,"column":3}},"12":{"start":{"line":27,"column":4},"end":{"line":27,"column":77}},"13":{"start":{"line":30,"column":4},"end":{"line":69,"column":5}},"14":{"start":{"line":31,"column":8},"end":{"line":63,"column":10}},"15":{"start":{"line":32,"column":12},"end":{"line":32,"column":20}},"16":{"start":{"line":33,"column":12},"end":{"line":33,"column":39}},"17":{"start":{"line":34,"column":12},"end":{"line":34,"column":25}},"18":{"start":{"line":35,"column":12},"end":{"line":35,"column":22}},"19":{"start":{"line":36,"column":12},"end":{"line":61,"column":13}},"20":{"start":{"line":37,"column":16},"end":{"line":37,"column":35}},"21":{"start":{"line":38,"column":16},"end":{"line":40,"column":17}},"22":{"start":{"line":39,"column":20},"end":{"line":39,"column":44}},"23":{"start":{"line":41,"column":19},"end":{"line":61,"column":13}},"24":{"start":{"line":42,"column":16},"end":{"line":44,"column":17}},"25":{"start":{"line":43,"column":20},"end":{"line":43,"column":44}},"26":{"start":{"line":45,"column":16},"end":{"line":45,"column":42}},"27":{"start":{"line":46,"column":16},"end":{"line":46,"column":41}},"28":{"start":{"line":47,"column":16},"end":{"line":47,"column":38}},"29":{"start":{"line":48,"column":16},"end":{"line":50,"column":17}},"30":{"start":{"line":49,"column":20},"end":{"line":49,"column":49}},"31":{"start":{"line":53,"column":16},"end":{"line":56,"column":17}},"32":{"start":{"line":54,"column":20},"end":{"line":54,"column":26}},"33":{"start":{"line":55,"column":20},"end":{"line":55,"column":46}},"34":{"start":{"line":57,"column":16},"end":{"line":57,"column":37}},"35":{"start":{"line":58,"column":16},"end":{"line":60,"column":17}},"36":{"start":{"line":59,"column":20},"end":{"line":59,"column":42}},"37":{"start":{"line":62,"column":12},"end":{"line":62,"column":83}},"38":{"start":{"line":64,"column":8},"end":{"line":68,"column":9}},"39":{"start":{"line":65,"column":12},"end":{"line":67,"column":15}},"40":{"start":{"line":72,"column":4},"end":{"line":112,"column":5}},"41":{"start":{"line":73,"column":8},"end":{"line":106,"column":10}},"42":{"start":{"line":74,"column":12},"end":{"line":74,"column":20}},"43":{"start":{"line":75,"column":12},"end":{"line":75,"column":39}},"44":{"start":{"line":76,"column":12},"end":{"line":76,"column":25}},"45":{"start":{"line":77,"column":12},"end":{"line":77,"column":22}},"46":{"start":{"line":78,"column":12},"end":{"line":103,"column":13}},"47":{"start":{"line":79,"column":16},"end":{"line":79,"column":35}},"48":{"start":{"line":80,"column":16},"end":{"line":82,"column":17}},"49":{"start":{"line":81,"column":20},"end":{"line":81,"column":44}},"50":{"start":{"line":83,"column":19},"end":{"line":103,"column":13}},"51":{"start":{"line":84,"column":16},"end":{"line":86,"column":17}},"52":{"start":{"line":85,"column":20},"end":{"line":85,"column":44}},"53":{"start":{"line":87,"column":16},"end":{"line":87,"column":42}},"54":{"start":{"line":88,"column":16},"end":{"line":88,"column":41}},"55":{"start":{"line":89,"column":16},"end":{"line":89,"column":38}},"56":{"start":{"line":90,"column":16},"end":{"line":92,"column":17}},"57":{"start":{"line":91,"column":20},"end":{"line":91,"column":49}},"58":{"start":{"line":95,"column":16},"end":{"line":98,"column":17}},"59":{"start":{"line":96,"column":20},"end":{"line":96,"column":26}},"60":{"start":{"line":97,"column":20},"end":{"line":97,"column":46}},"61":{"start":{"line":99,"column":16},"end":{"line":99,"column":37}},"62":{"start":{"line":100,"column":16},"end":{"line":102,"column":17}},"63":{"start":{"line":101,"column":20},"end":{"line":101,"column":42}},"64":{"start":{"line":104,"column":12},"end":{"line":104,"column":65}},"65":{"start":{"line":105,"column":12},"end":{"line":105,"column":24}},"66":{"start":{"line":107,"column":8},"end":{"line":111,"column":9}},"67":{"start":{"line":108,"column":12},"end":{"line":110,"column":15}}},"branchMap":{"1":{"line":30,"type":"if","locations":[{"start":{"line":30,"column":4},"end":{"line":30,"column":4}},{"start":{"line":30,"column":4},"end":{"line":30,"column":4}}]},"2":{"line":36,"type":"if","locations":[{"start":{"line":36,"column":12},"end":{"line":36,"column":12}},{"start":{"line":36,"column":12},"end":{"line":36,"column":12}}]},"3":{"line":38,"type":"if","locations":[{"start":{"line":38,"column":16},"end":{"line":38,"column":16}},{"start":{"line":38,"column":16},"end":{"line":38,"column":16}}]},"4":{"line":41,"type":"if","locations":[{"start":{"line":41,"column":19},"end":{"line":41,"column":19}},{"start":{"line":41,"column":19},"end":{"line":41,"column":19}}]},"5":{"line":41,"type":"binary-expr","locations":[{"start":{"line":41,"column":23},"end":{"line":41,"column":30}},{"start":{"line":41,"column":34},"end":{"line":41,"column":61}}]},"6":{"line":42,"type":"if","locations":[{"start":{"line":42,"column":16},"end":{"line":42,"column":16}},{"start":{"line":42,"column":16},"end":{"line":42,"column":16}}]},"7":{"line":53,"type":"if","locations":[{"start":{"line":53,"column":16},"end":{"line":53,"column":16}},{"start":{"line":53,"column":16},"end":{"line":53,"column":16}}]},"8":{"line":53,"type":"binary-expr","locations":[{"start":{"line":53,"column":20},"end":{"line":53,"column":29}},{"start":{"line":53,"column":34},"end":{"line":53,"column":74}},{"start":{"line":53,"column":78},"end":{"line":53,"column":119}}]},"9":{"line":64,"type":"if","locations":[{"start":{"line":64,"column":8},"end":{"line":64,"column":8}},{"start":{"line":64,"column":8},"end":{"line":64,"column":8}}]},"10":{"line":72,"type":"if","locations":[{"start":{"line":72,"column":4},"end":{"line":72,"column":4}},{"start":{"line":72,"column":4},"end":{"line":72,"column":4}}]},"11":{"line":78,"type":"if","locations":[{"start":{"line":78,"column":12},"end":{"line":78,"column":12}},{"start":{"line":78,"column":12},"end":{"line":78,"column":12}}]},"12":{"line":80,"type":"if","locations":[{"start":{"line":80,"column":16},"end":{"line":80,"column":16}},{"start":{"line":80,"column":16},"end":{"line":80,"column":16}}]},"13":{"line":83,"type":"if","locations":[{"start":{"line":83,"column":19},"end":{"line":83,"column":19}},{"start":{"line":83,"column":19},"end":{"line":83,"column":19}}]},"14":{"line":83,"type":"binary-expr","locations":[{"start":{"line":83,"column":23},"end":{"line":83,"column":30}},{"start":{"line":83,"column":34},"end":{"line":83,"column":61}}]},"15":{"line":84,"type":"if","locations":[{"start":{"line":84,"column":16},"end":{"line":84,"column":16}},{"start":{"line":84,"column":16},"end":{"line":84,"column":16}}]},"16":{"line":95,"type":"if","locations":[{"start":{"line":95,"column":16},"end":{"line":95,"column":16}},{"start":{"line":95,"column":16},"end":{"line":95,"column":16}}]},"17":{"line":95,"type":"binary-expr","locations":[{"start":{"line":95,"column":20},"end":{"line":95,"column":29}},{"start":{"line":95,"column":34},"end":{"line":95,"column":74}},{"start":{"line":95,"column":78},"end":{"line":95,"column":119}}]},"18":{"line":107,"type":"if","locations":[{"start":{"line":107,"column":8},"end":{"line":107,"column":8}},{"start":{"line":107,"column":8},"end":{"line":107,"column":8}}]}},"code":["'use strict';","","var commands = require('redis-commands');","var Multi = require('./multi');","var RedisClient = require('../').RedisClient;","var Command = require('./command');","// Feature detect if a function may change it's name","var changeFunctionName = (function () {","    var fn = function abc () {};","    try {","        Object.defineProperty(fn, 'name', {","            value: 'foobar'","        });","        return true;","    } catch (e) {","        return false;","    }","}());","","// TODO: Rewrite this including the invidual commands into a Commands class","// that provided a functionality to add new commands to the client","","commands.list.forEach(function (command) {","","    // Some rare Redis commands use special characters in their command name","    // Convert those to a underscore to prevent using invalid function names","    var commandName = command.replace(/(?:^([0-9])|[^a-zA-Z0-9_$])/g, '_$1');","","    // Do not override existing functions","    if (!RedisClient.prototype[command]) {","        RedisClient.prototype[command.toUpperCase()] = RedisClient.prototype[command] = function () {","            var arr;","            var len = arguments.length;","            var callback;","            var i = 0;","            if (Array.isArray(arguments[0])) {","                arr = arguments[0];","                if (len === 2) {","                    callback = arguments[1];","                }","            } else if (len > 1 && Array.isArray(arguments[1])) {","                if (len === 3) {","                    callback = arguments[2];","                }","                len = arguments[1].length;","                arr = new Array(len + 1);","                arr[0] = arguments[0];","                for (; i < len; i += 1) {","                    arr[i + 1] = arguments[1][i];","                }","            } else {","                // The later should not be the average use case","                if (len !== 0 && (typeof arguments[len - 1] === 'function' || typeof arguments[len - 1] === 'undefined')) {","                    len--;","                    callback = arguments[len];","                }","                arr = new Array(len);","                for (; i < len; i += 1) {","                    arr[i] = arguments[i];","                }","            }","            return this.internal_send_command(new Command(command, arr, callback));","        };","        if (changeFunctionName) {","            Object.defineProperty(RedisClient.prototype[command], 'name', {","                value: commandName","            });","        }","    }","","    // Do not override existing functions","    if (!Multi.prototype[command]) {","        Multi.prototype[command.toUpperCase()] = Multi.prototype[command] = function () {","            var arr;","            var len = arguments.length;","            var callback;","            var i = 0;","            if (Array.isArray(arguments[0])) {","                arr = arguments[0];","                if (len === 2) {","                    callback = arguments[1];","                }","            } else if (len > 1 && Array.isArray(arguments[1])) {","                if (len === 3) {","                    callback = arguments[2];","                }","                len = arguments[1].length;","                arr = new Array(len + 1);","                arr[0] = arguments[0];","                for (; i < len; i += 1) {","                    arr[i + 1] = arguments[1][i];","                }","            } else {","                // The later should not be the average use case","                if (len !== 0 && (typeof arguments[len - 1] === 'function' || typeof arguments[len - 1] === 'undefined')) {","                    len--;","                    callback = arguments[len];","                }","                arr = new Array(len);","                for (; i < len; i += 1) {","                    arr[i] = arguments[i];","                }","            }","            this.queue.push(new Command(command, arr, callback));","            return this;","        };","        if (changeFunctionName) {","            Object.defineProperty(Multi.prototype[command], 'name', {","                value: commandName","            });","        }","    }","});",""],"l":{"3":1,"4":1,"5":1,"6":1,"8":1,"9":1,"10":1,"11":1,"14":1,"16":0,"23":1,"27":179,"30":179,"31":167,"32":0,"33":0,"34":0,"35":0,"36":0,"37":0,"38":0,"39":0,"41":0,"42":0,"43":0,"45":0,"46":0,"47":0,"48":0,"49":0,"53":0,"54":0,"55":0,"57":0,"58":0,"59":0,"62":0,"64":167,"65":167,"72":179,"73":167,"74":0,"75":0,"76":0,"77":0,"78":0,"79":0,"80":0,"81":0,"83":0,"84":0,"85":0,"87":0,"88":0,"89":0,"90":0,"91":0,"95":0,"96":0,"97":0,"99":0,"100":0,"101":0,"104":0,"105":0,"107":167,"108":167}}}